::1 - - [17/Nov/2024:22:47:57 +0000] "GET / HTTP/1.1" 200 615 "-" "Wget" "-"
::1 - - [17/Nov/2024:22:48:03 +0000] "GET / HTTP/1.1" 200 615 "-" "Wget" "-"
::1 - - [17/Nov/2024:22:48:08 +0000] "GET / HTTP/1.1" 200 615 "-" "Wget" "-"
::1 - - [17/Nov/2024:22:48:13 +0000] "GET / HTTP/1.1" 200 615 "-" "Wget" "-"
::1 - - [17/Nov/2024:22:48:18 +0000] "GET / HTTP/1.1" 200 615 "-" "Wget" "-"
::1 - - [17/Nov/2024:22:48:23 +0000] "GET / HTTP/1.1" 200 615 "-" "Wget" "-"
::1 - - [17/Nov/2024:22:48:28 +0000] "GET / HTTP/1.1" 200 615 "-" "Wget" "-"
::1 - - [17/Nov/2024:22:48:33 +0000] "GET / HTTP/1.1" 200 615 "-" "Wget" "-"
192.168.65.1 - - [17/Nov/2024:22:48:35 +0000] "GET /api/v1/ugc/openapi HTTP/1.1" 200 938 "-" "Mozilla/5.0 (Macintosh; Intel Mac OS X 10_15_7) AppleWebKit/537.36 (KHTML, like Gecko) Chrome/130.0.0.0 Safari/537.36" "-"
192.168.65.1 - - [17/Nov/2024:22:48:35 +0000] "GET /api/v1/ugc/openapi.json HTTP/1.1" 200 5034 "http://localhost/api/v1/ugc/openapi" "Mozilla/5.0 (Macintosh; Intel Mac OS X 10_15_7) AppleWebKit/537.36 (KHTML, like Gecko) Chrome/130.0.0.0 Safari/537.36" "-"
::1 - - [17/Nov/2024:22:48:38 +0000] "GET / HTTP/1.1" 200 615 "-" "Wget" "-"
::1 - - [17/Nov/2024:22:48:43 +0000] "GET / HTTP/1.1" 200 615 "-" "Wget" "-"
::1 - - [17/Nov/2024:22:48:48 +0000] "GET / HTTP/1.1" 200 615 "-" "Wget" "-"
::1 - - [17/Nov/2024:22:48:53 +0000] "GET / HTTP/1.1" 200 615 "-" "Wget" "-"
::1 - - [17/Nov/2024:22:48:58 +0000] "GET / HTTP/1.1" 200 615 "-" "Wget" "-"
192.168.65.1 - - [17/Nov/2024:22:49:01 +0000] "GET / HTTP/1.1" 200 615 "-" "Mozilla/5.0 (Macintosh; Intel Mac OS X 10_15_7) AppleWebKit/537.36 (KHTML, like Gecko) Chrome/130.0.0.0 Safari/537.36" "-"
192.168.65.1 - - [17/Nov/2024:22:49:02 +0000] "GET /favicon.ico HTTP/1.1" 200 615 "http://localhost/" "Mozilla/5.0 (Macintosh; Intel Mac OS X 10_15_7) AppleWebKit/537.36 (KHTML, like Gecko) Chrome/130.0.0.0 Safari/537.36" "-"
192.168.65.1 - - [17/Nov/2024:22:49:03 +0000] "GET / HTTP/1.1" 304 0 "-" "Mozilla/5.0 (Macintosh; Intel Mac OS X 10_15_7) AppleWebKit/537.36 (KHTML, like Gecko) Chrome/130.0.0.0 Safari/537.36" "-"
::1 - - [17/Nov/2024:22:49:03 +0000] "GET / HTTP/1.1" 200 615 "-" "Wget" "-"
192.168.65.1 - - [17/Nov/2024:22:49:04 +0000] "GET / HTTP/1.1" 304 0 "-" "Mozilla/5.0 (Macintosh; Intel Mac OS X 10_15_7) AppleWebKit/537.36 (KHTML, like Gecko) Chrome/130.0.0.0 Safari/537.36" "-"
::1 - - [17/Nov/2024:22:49:08 +0000] "GET / HTTP/1.1" 200 615 "-" "Wget" "-"
::1 - - [17/Nov/2024:22:49:13 +0000] "GET / HTTP/1.1" 200 615 "-" "Wget" "-"
::1 - - [17/Nov/2024:22:49:18 +0000] "GET / HTTP/1.1" 200 615 "-" "Wget" "-"
::1 - - [17/Nov/2024:22:49:24 +0000] "GET / HTTP/1.1" 200 615 "-" "Wget" "-"
::1 - - [17/Nov/2024:22:49:29 +0000] "GET / HTTP/1.1" 200 615 "-" "Wget" "-"
::1 - - [17/Nov/2024:22:49:34 +0000] "GET / HTTP/1.1" 200 615 "-" "Wget" "-"
::1 - - [17/Nov/2024:22:49:39 +0000] "GET / HTTP/1.1" 200 615 "-" "Wget" "-"
::1 - - [17/Nov/2024:22:49:44 +0000] "GET / HTTP/1.1" 200 615 "-" "Wget" "-"
::1 - - [17/Nov/2024:22:49:49 +0000] "GET / HTTP/1.1" 200 615 "-" "Wget" "-"
::1 - - [17/Nov/2024:22:49:54 +0000] "GET / HTTP/1.1" 200 615 "-" "Wget" "-"
::1 - - [17/Nov/2024:22:49:59 +0000] "GET / HTTP/1.1" 200 615 "-" "Wget" "-"
::1 - - [17/Nov/2024:22:50:04 +0000] "GET / HTTP/1.1" 200 615 "-" "Wget" "-"
::1 - - [17/Nov/2024:22:50:09 +0000] "GET / HTTP/1.1" 200 615 "-" "Wget" "-"
::1 - - [17/Nov/2024:22:50:14 +0000] "GET / HTTP/1.1" 200 615 "-" "Wget" "-"
::1 - - [17/Nov/2024:22:50:19 +0000] "GET / HTTP/1.1" 200 615 "-" "Wget" "-"
::1 - - [17/Nov/2024:22:50:24 +0000] "GET / HTTP/1.1" 200 615 "-" "Wget" "-"
::1 - - [17/Nov/2024:22:50:29 +0000] "GET / HTTP/1.1" 200 615 "-" "Wget" "-"
::1 - - [17/Nov/2024:22:50:35 +0000] "GET / HTTP/1.1" 200 615 "-" "Wget" "-"
::1 - - [17/Nov/2024:22:50:40 +0000] "GET / HTTP/1.1" 200 615 "-" "Wget" "-"
::1 - - [17/Nov/2024:22:50:45 +0000] "GET / HTTP/1.1" 200 615 "-" "Wget" "-"
::1 - - [17/Nov/2024:22:50:50 +0000] "GET / HTTP/1.1" 200 615 "-" "Wget" "-"
::1 - - [17/Nov/2024:22:50:55 +0000] "GET / HTTP/1.1" 200 615 "-" "Wget" "-"
::1 - - [17/Nov/2024:22:51:00 +0000] "GET / HTTP/1.1" 200 615 "-" "Wget" "-"
::1 - - [17/Nov/2024:22:51:05 +0000] "GET / HTTP/1.1" 200 615 "-" "Wget" "-"
::1 - - [17/Nov/2024:22:51:10 +0000] "GET / HTTP/1.1" 200 615 "-" "Wget" "-"
::1 - - [17/Nov/2024:22:51:15 +0000] "GET / HTTP/1.1" 200 615 "-" "Wget" "-"
::1 - - [17/Nov/2024:22:51:20 +0000] "GET / HTTP/1.1" 200 615 "-" "Wget" "-"
::1 - - [17/Nov/2024:22:51:25 +0000] "GET / HTTP/1.1" 200 615 "-" "Wget" "-"
::1 - - [17/Nov/2024:22:51:30 +0000] "GET / HTTP/1.1" 200 615 "-" "Wget" "-"
::1 - - [17/Nov/2024:22:51:36 +0000] "GET / HTTP/1.1" 200 615 "-" "Wget" "-"
::1 - - [17/Nov/2024:22:51:41 +0000] "GET / HTTP/1.1" 200 615 "-" "Wget" "-"
::1 - - [17/Nov/2024:22:51:46 +0000] "GET / HTTP/1.1" 200 615 "-" "Wget" "-"
::1 - - [17/Nov/2024:22:51:51 +0000] "GET / HTTP/1.1" 200 615 "-" "Wget" "-"
::1 - - [17/Nov/2024:22:51:56 +0000] "GET / HTTP/1.1" 200 615 "-" "Wget" "-"
::1 - - [17/Nov/2024:22:52:01 +0000] "GET / HTTP/1.1" 200 615 "-" "Wget" "-"
::1 - - [17/Nov/2024:22:52:06 +0000] "GET / HTTP/1.1" 200 615 "-" "Wget" "-"
::1 - - [17/Nov/2024:22:52:11 +0000] "GET / HTTP/1.1" 200 615 "-" "Wget" "-"
::1 - - [17/Nov/2024:22:52:16 +0000] "GET / HTTP/1.1" 200 615 "-" "Wget" "-"
::1 - - [17/Nov/2024:22:52:21 +0000] "GET / HTTP/1.1" 200 615 "-" "Wget" "-"
::1 - - [17/Nov/2024:22:52:27 +0000] "GET / HTTP/1.1" 200 615 "-" "Wget" "-"
::1 - - [17/Nov/2024:22:52:32 +0000] "GET / HTTP/1.1" 200 615 "-" "Wget" "-"
::1 - - [17/Nov/2024:22:52:37 +0000] "GET / HTTP/1.1" 200 615 "-" "Wget" "-"
::1 - - [17/Nov/2024:22:52:42 +0000] "GET / HTTP/1.1" 200 615 "-" "Wget" "-"
::1 - - [17/Nov/2024:22:52:47 +0000] "GET / HTTP/1.1" 200 615 "-" "Wget" "-"
::1 - - [17/Nov/2024:22:52:52 +0000] "GET / HTTP/1.1" 200 615 "-" "Wget" "-"
::1 - - [17/Nov/2024:22:52:57 +0000] "GET / HTTP/1.1" 200 615 "-" "Wget" "-"
::1 - - [17/Nov/2024:22:53:02 +0000] "GET / HTTP/1.1" 200 615 "-" "Wget" "-"
::1 - - [17/Nov/2024:22:53:07 +0000] "GET / HTTP/1.1" 200 615 "-" "Wget" "-"
::1 - - [17/Nov/2024:22:53:12 +0000] "GET / HTTP/1.1" 200 615 "-" "Wget" "-"
::1 - - [17/Nov/2024:22:53:17 +0000] "GET / HTTP/1.1" 200 615 "-" "Wget" "-"
::1 - - [17/Nov/2024:22:53:22 +0000] "GET / HTTP/1.1" 200 615 "-" "Wget" "-"
::1 - - [17/Nov/2024:22:53:27 +0000] "GET / HTTP/1.1" 200 615 "-" "Wget" "-"
::1 - - [17/Nov/2024:22:53:32 +0000] "GET / HTTP/1.1" 200 615 "-" "Wget" "-"
::1 - - [17/Nov/2024:22:53:38 +0000] "GET / HTTP/1.1" 200 615 "-" "Wget" "-"
::1 - - [17/Nov/2024:22:53:43 +0000] "GET / HTTP/1.1" 200 615 "-" "Wget" "-"
::1 - - [17/Nov/2024:22:53:48 +0000] "GET / HTTP/1.1" 200 615 "-" "Wget" "-"
192.168.65.1 - - [17/Nov/2024:22:53:48 +0000] "GET /api/v1/ugc/openapi HTTP/1.1" 200 938 "-" "Mozilla/5.0 (Macintosh; Intel Mac OS X 10_15_7) AppleWebKit/537.36 (KHTML, like Gecko) Chrome/130.0.0.0 Safari/537.36" "-"
192.168.65.1 - - [17/Nov/2024:22:53:49 +0000] "GET /api/v1/ugc/openapi.json HTTP/1.1" 200 5034 "http://localhost/api/v1/ugc/openapi" "Mozilla/5.0 (Macintosh; Intel Mac OS X 10_15_7) AppleWebKit/537.36 (KHTML, like Gecko) Chrome/130.0.0.0 Safari/537.36" "-"
::1 - - [17/Nov/2024:22:53:53 +0000] "GET / HTTP/1.1" 200 615 "-" "Wget" "-"
::1 - - [17/Nov/2024:22:53:58 +0000] "GET / HTTP/1.1" 200 615 "-" "Wget" "-"
::1 - - [17/Nov/2024:22:54:03 +0000] "GET / HTTP/1.1" 200 615 "-" "Wget" "-"
::1 - - [17/Nov/2024:22:54:08 +0000] "GET / HTTP/1.1" 200 615 "-" "Wget" "-"
::1 - - [17/Nov/2024:22:54:13 +0000] "GET / HTTP/1.1" 200 615 "-" "Wget" "-"
::1 - - [17/Nov/2024:22:54:18 +0000] "GET / HTTP/1.1" 200 615 "-" "Wget" "-"
::1 - - [17/Nov/2024:22:54:23 +0000] "GET / HTTP/1.1" 200 615 "-" "Wget" "-"
::1 - - [17/Nov/2024:22:54:28 +0000] "GET / HTTP/1.1" 200 615 "-" "Wget" "-"
::1 - - [17/Nov/2024:22:54:34 +0000] "GET / HTTP/1.1" 200 615 "-" "Wget" "-"
::1 - - [17/Nov/2024:22:54:39 +0000] "GET / HTTP/1.1" 200 615 "-" "Wget" "-"
::1 - - [17/Nov/2024:22:54:44 +0000] "GET / HTTP/1.1" 200 615 "-" "Wget" "-"
::1 - - [17/Nov/2024:22:54:49 +0000] "GET / HTTP/1.1" 200 615 "-" "Wget" "-"
::1 - - [17/Nov/2024:22:54:54 +0000] "GET / HTTP/1.1" 200 615 "-" "Wget" "-"
::1 - - [17/Nov/2024:22:54:59 +0000] "GET / HTTP/1.1" 200 615 "-" "Wget" "-"
::1 - - [17/Nov/2024:22:55:04 +0000] "GET / HTTP/1.1" 200 615 "-" "Wget" "-"
::1 - - [17/Nov/2024:22:55:09 +0000] "GET / HTTP/1.1" 200 615 "-" "Wget" "-"
::1 - - [17/Nov/2024:22:55:14 +0000] "GET / HTTP/1.1" 200 615 "-" "Wget" "-"
::1 - - [17/Nov/2024:22:55:19 +0000] "GET / HTTP/1.1" 200 615 "-" "Wget" "-"
::1 - - [17/Nov/2024:22:55:24 +0000] "GET / HTTP/1.1" 200 615 "-" "Wget" "-"
::1 - - [17/Nov/2024:22:55:29 +0000] "GET / HTTP/1.1" 200 615 "-" "Wget" "-"
::1 - - [17/Nov/2024:22:55:34 +0000] "GET / HTTP/1.1" 200 615 "-" "Wget" "-"
::1 - - [17/Nov/2024:22:55:40 +0000] "GET / HTTP/1.1" 200 615 "-" "Wget" "-"
::1 - - [17/Nov/2024:22:55:45 +0000] "GET / HTTP/1.1" 200 615 "-" "Wget" "-"
::1 - - [17/Nov/2024:22:55:50 +0000] "GET / HTTP/1.1" 200 615 "-" "Wget" "-"
::1 - - [17/Nov/2024:22:55:55 +0000] "GET / HTTP/1.1" 200 615 "-" "Wget" "-"
::1 - - [17/Nov/2024:22:56:00 +0000] "GET / HTTP/1.1" 200 615 "-" "Wget" "-"
::1 - - [17/Nov/2024:22:56:05 +0000] "GET / HTTP/1.1" 200 615 "-" "Wget" "-"
::1 - - [17/Nov/2024:22:56:10 +0000] "GET / HTTP/1.1" 200 615 "-" "Wget" "-"
::1 - - [17/Nov/2024:22:56:15 +0000] "GET / HTTP/1.1" 200 615 "-" "Wget" "-"
::1 - - [17/Nov/2024:22:56:21 +0000] "GET / HTTP/1.1" 200 615 "-" "Wget" "-"
::1 - - [17/Nov/2024:22:56:26 +0000] "GET / HTTP/1.1" 200 615 "-" "Wget" "-"
::1 - - [17/Nov/2024:22:56:31 +0000] "GET / HTTP/1.1" 200 615 "-" "Wget" "-"
::1 - - [17/Nov/2024:22:56:36 +0000] "GET / HTTP/1.1" 200 615 "-" "Wget" "-"
::1 - - [17/Nov/2024:22:56:41 +0000] "GET / HTTP/1.1" 200 615 "-" "Wget" "-"
::1 - - [17/Nov/2024:22:56:46 +0000] "GET / HTTP/1.1" 200 615 "-" "Wget" "-"
::1 - - [17/Nov/2024:22:56:51 +0000] "GET / HTTP/1.1" 200 615 "-" "Wget" "-"
::1 - - [17/Nov/2024:22:56:56 +0000] "GET / HTTP/1.1" 200 615 "-" "Wget" "-"
::1 - - [17/Nov/2024:22:57:02 +0000] "GET / HTTP/1.1" 200 615 "-" "Wget" "-"
::1 - - [17/Nov/2024:22:57:07 +0000] "GET / HTTP/1.1" 200 615 "-" "Wget" "-"
::1 - - [17/Nov/2024:22:57:12 +0000] "GET / HTTP/1.1" 200 615 "-" "Wget" "-"
::1 - - [17/Nov/2024:22:57:17 +0000] "GET / HTTP/1.1" 200 615 "-" "Wget" "-"
::1 - - [17/Nov/2024:22:57:22 +0000] "GET / HTTP/1.1" 200 615 "-" "Wget" "-"
::1 - - [17/Nov/2024:22:57:27 +0000] "GET / HTTP/1.1" 200 615 "-" "Wget" "-"
::1 - - [17/Nov/2024:22:57:32 +0000] "GET / HTTP/1.1" 200 615 "-" "Wget" "-"
::1 - - [17/Nov/2024:22:57:37 +0000] "GET / HTTP/1.1" 200 615 "-" "Wget" "-"
::1 - - [17/Nov/2024:22:57:42 +0000] "GET / HTTP/1.1" 200 615 "-" "Wget" "-"
::1 - - [17/Nov/2024:22:57:47 +0000] "GET / HTTP/1.1" 200 615 "-" "Wget" "-"
::1 - - [17/Nov/2024:22:57:52 +0000] "GET / HTTP/1.1" 200 615 "-" "Wget" "-"
::1 - - [17/Nov/2024:22:57:58 +0000] "GET / HTTP/1.1" 200 615 "-" "Wget" "-"
::1 - - [17/Nov/2024:22:58:03 +0000] "GET / HTTP/1.1" 200 615 "-" "Wget" "-"
::1 - - [17/Nov/2024:22:58:08 +0000] "GET / HTTP/1.1" 200 615 "-" "Wget" "-"
::1 - - [17/Nov/2024:22:58:13 +0000] "GET / HTTP/1.1" 200 615 "-" "Wget" "-"
::1 - - [17/Nov/2024:22:58:18 +0000] "GET / HTTP/1.1" 200 615 "-" "Wget" "-"
::1 - - [17/Nov/2024:22:58:23 +0000] "GET / HTTP/1.1" 200 615 "-" "Wget" "-"
::1 - - [17/Nov/2024:22:58:28 +0000] "GET / HTTP/1.1" 200 615 "-" "Wget" "-"
::1 - - [17/Nov/2024:22:58:33 +0000] "GET / HTTP/1.1" 200 615 "-" "Wget" "-"
::1 - - [17/Nov/2024:22:58:38 +0000] "GET / HTTP/1.1" 200 615 "-" "Wget" "-"
::1 - - [17/Nov/2024:22:58:43 +0000] "GET / HTTP/1.1" 200 615 "-" "Wget" "-"
::1 - - [17/Nov/2024:22:58:48 +0000] "GET / HTTP/1.1" 200 615 "-" "Wget" "-"
::1 - - [17/Nov/2024:22:58:53 +0000] "GET / HTTP/1.1" 200 615 "-" "Wget" "-"
::1 - - [17/Nov/2024:22:58:58 +0000] "GET / HTTP/1.1" 200 615 "-" "Wget" "-"
::1 - - [17/Nov/2024:22:59:04 +0000] "GET / HTTP/1.1" 200 615 "-" "Wget" "-"
::1 - - [17/Nov/2024:22:59:09 +0000] "GET / HTTP/1.1" 200 615 "-" "Wget" "-"
::1 - - [17/Nov/2024:22:59:14 +0000] "GET / HTTP/1.1" 200 615 "-" "Wget" "-"
::1 - - [17/Nov/2024:22:59:19 +0000] "GET / HTTP/1.1" 200 615 "-" "Wget" "-"
::1 - - [17/Nov/2024:22:59:24 +0000] "GET / HTTP/1.1" 200 615 "-" "Wget" "-"
::1 - - [17/Nov/2024:22:59:29 +0000] "GET / HTTP/1.1" 200 615 "-" "Wget" "-"
::1 - - [17/Nov/2024:22:59:34 +0000] "GET / HTTP/1.1" 200 615 "-" "Wget" "-"
::1 - - [17/Nov/2024:22:59:39 +0000] "GET / HTTP/1.1" 200 615 "-" "Wget" "-"
::1 - - [17/Nov/2024:22:59:44 +0000] "GET / HTTP/1.1" 200 615 "-" "Wget" "-"
::1 - - [17/Nov/2024:22:59:49 +0000] "GET / HTTP/1.1" 200 615 "-" "Wget" "-"
::1 - - [17/Nov/2024:22:59:54 +0000] "GET / HTTP/1.1" 200 615 "-" "Wget" "-"
::1 - - [17/Nov/2024:22:59:59 +0000] "GET / HTTP/1.1" 200 615 "-" "Wget" "-"
::1 - - [17/Nov/2024:23:00:04 +0000] "GET / HTTP/1.1" 200 615 "-" "Wget" "-"
::1 - - [17/Nov/2024:23:00:10 +0000] "GET / HTTP/1.1" 200 615 "-" "Wget" "-"
::1 - - [17/Nov/2024:23:00:15 +0000] "GET / HTTP/1.1" 200 615 "-" "Wget" "-"
::1 - - [17/Nov/2024:23:00:20 +0000] "GET / HTTP/1.1" 200 615 "-" "Wget" "-"
::1 - - [17/Nov/2024:23:00:25 +0000] "GET / HTTP/1.1" 200 615 "-" "Wget" "-"
::1 - - [17/Nov/2024:23:00:30 +0000] "GET / HTTP/1.1" 200 615 "-" "Wget" "-"
::1 - - [17/Nov/2024:23:00:35 +0000] "GET / HTTP/1.1" 200 615 "-" "Wget" "-"
::1 - - [17/Nov/2024:23:00:40 +0000] "GET / HTTP/1.1" 200 615 "-" "Wget" "-"
::1 - - [17/Nov/2024:23:00:45 +0000] "GET / HTTP/1.1" 200 615 "-" "Wget" "-"
::1 - - [17/Nov/2024:23:00:50 +0000] "GET / HTTP/1.1" 200 615 "-" "Wget" "-"
::1 - - [17/Nov/2024:23:00:56 +0000] "GET / HTTP/1.1" 200 615 "-" "Wget" "-"
::1 - - [17/Nov/2024:23:01:01 +0000] "GET / HTTP/1.1" 200 615 "-" "Wget" "-"
::1 - - [17/Nov/2024:23:01:06 +0000] "GET / HTTP/1.1" 200 615 "-" "Wget" "-"
::1 - - [17/Nov/2024:23:01:11 +0000] "GET / HTTP/1.1" 200 615 "-" "Wget" "-"
::1 - - [17/Nov/2024:23:01:16 +0000] "GET / HTTP/1.1" 200 615 "-" "Wget" "-"
::1 - - [17/Nov/2024:23:01:21 +0000] "GET / HTTP/1.1" 200 615 "-" "Wget" "-"
::1 - - [17/Nov/2024:23:01:26 +0000] "GET / HTTP/1.1" 200 615 "-" "Wget" "-"
::1 - - [17/Nov/2024:23:01:31 +0000] "GET / HTTP/1.1" 200 615 "-" "Wget" "-"
::1 - - [17/Nov/2024:23:01:36 +0000] "GET / HTTP/1.1" 200 615 "-" "Wget" "-"
::1 - - [17/Nov/2024:23:01:41 +0000] "GET / HTTP/1.1" 200 615 "-" "Wget" "-"
::1 - - [17/Nov/2024:23:01:46 +0000] "GET / HTTP/1.1" 200 615 "-" "Wget" "-"
::1 - - [17/Nov/2024:23:01:51 +0000] "GET / HTTP/1.1" 200 615 "-" "Wget" "-"
::1 - - [17/Nov/2024:23:01:57 +0000] "GET / HTTP/1.1" 200 615 "-" "Wget" "-"
::1 - - [17/Nov/2024:23:02:02 +0000] "GET / HTTP/1.1" 200 615 "-" "Wget" "-"
::1 - - [17/Nov/2024:23:02:07 +0000] "GET / HTTP/1.1" 200 615 "-" "Wget" "-"
::1 - - [17/Nov/2024:23:02:17 +0000] "GET / HTTP/1.1" 200 615 "-" "Wget" "-"
::1 - - [17/Nov/2024:23:02:22 +0000] "GET / HTTP/1.1" 200 615 "-" "Wget" "-"
::1 - - [17/Nov/2024:23:02:27 +0000] "GET / HTTP/1.1" 200 615 "-" "Wget" "-"
::1 - - [17/Nov/2024:23:02:32 +0000] "GET / HTTP/1.1" 200 615 "-" "Wget" "-"
::1 - - [17/Nov/2024:23:02:37 +0000] "GET / HTTP/1.1" 200 615 "-" "Wget" "-"
::1 - - [17/Nov/2024:23:02:42 +0000] "GET / HTTP/1.1" 200 615 "-" "Wget" "-"
::1 - - [17/Nov/2024:23:02:47 +0000] "GET / HTTP/1.1" 200 615 "-" "Wget" "-"
::1 - - [17/Nov/2024:23:02:52 +0000] "GET / HTTP/1.1" 200 615 "-" "Wget" "-"
::1 - - [17/Nov/2024:23:02:57 +0000] "GET / HTTP/1.1" 200 615 "-" "Wget" "-"
::1 - - [17/Nov/2024:23:03:02 +0000] "GET / HTTP/1.1" 200 615 "-" "Wget" "-"
::1 - - [17/Nov/2024:23:03:07 +0000] "GET / HTTP/1.1" 200 615 "-" "Wget" "-"
::1 - - [17/Nov/2024:23:03:13 +0000] "GET / HTTP/1.1" 200 615 "-" "Wget" "-"
::1 - - [17/Nov/2024:23:03:18 +0000] "GET / HTTP/1.1" 200 615 "-" "Wget" "-"
::1 - - [17/Nov/2024:23:03:23 +0000] "GET / HTTP/1.1" 200 615 "-" "Wget" "-"
::1 - - [17/Nov/2024:23:03:28 +0000] "GET / HTTP/1.1" 200 615 "-" "Wget" "-"
::1 - - [17/Nov/2024:23:03:33 +0000] "GET / HTTP/1.1" 200 615 "-" "Wget" "-"
::1 - - [17/Nov/2024:23:03:38 +0000] "GET / HTTP/1.1" 200 615 "-" "Wget" "-"
::1 - - [17/Nov/2024:23:03:43 +0000] "GET / HTTP/1.1" 200 615 "-" "Wget" "-"
::1 - - [17/Nov/2024:23:03:48 +0000] "GET / HTTP/1.1" 200 615 "-" "Wget" "-"
::1 - - [17/Nov/2024:23:03:53 +0000] "GET / HTTP/1.1" 200 615 "-" "Wget" "-"
::1 - - [17/Nov/2024:23:03:58 +0000] "GET / HTTP/1.1" 200 615 "-" "Wget" "-"
::1 - - [17/Nov/2024:23:04:04 +0000] "GET / HTTP/1.1" 200 615 "-" "Wget" "-"
::1 - - [17/Nov/2024:23:04:09 +0000] "GET / HTTP/1.1" 200 615 "-" "Wget" "-"
::1 - - [17/Nov/2024:23:04:14 +0000] "GET / HTTP/1.1" 200 615 "-" "Wget" "-"
::1 - - [17/Nov/2024:23:04:19 +0000] "GET / HTTP/1.1" 200 615 "-" "Wget" "-"
::1 - - [17/Nov/2024:23:04:24 +0000] "GET / HTTP/1.1" 200 615 "-" "Wget" "-"
::1 - - [17/Nov/2024:23:04:29 +0000] "GET / HTTP/1.1" 200 615 "-" "Wget" "-"
::1 - - [17/Nov/2024:23:04:34 +0000] "GET / HTTP/1.1" 200 615 "-" "Wget" "-"
::1 - - [17/Nov/2024:23:04:39 +0000] "GET / HTTP/1.1" 200 615 "-" "Wget" "-"
::1 - - [17/Nov/2024:23:04:44 +0000] "GET / HTTP/1.1" 200 615 "-" "Wget" "-"
::1 - - [17/Nov/2024:23:04:49 +0000] "GET / HTTP/1.1" 200 615 "-" "Wget" "-"
::1 - - [17/Nov/2024:23:04:54 +0000] "GET / HTTP/1.1" 200 615 "-" "Wget" "-"
::1 - - [17/Nov/2024:23:05:00 +0000] "GET / HTTP/1.1" 200 615 "-" "Wget" "-"
::1 - - [17/Nov/2024:23:05:05 +0000] "GET / HTTP/1.1" 200 615 "-" "Wget" "-"
::1 - - [17/Nov/2024:23:05:10 +0000] "GET / HTTP/1.1" 200 615 "-" "Wget" "-"
::1 - - [17/Nov/2024:23:05:15 +0000] "GET / HTTP/1.1" 200 615 "-" "Wget" "-"
::1 - - [17/Nov/2024:23:05:20 +0000] "GET / HTTP/1.1" 200 615 "-" "Wget" "-"
::1 - - [17/Nov/2024:23:05:25 +0000] "GET / HTTP/1.1" 200 615 "-" "Wget" "-"
::1 - - [17/Nov/2024:23:05:30 +0000] "GET / HTTP/1.1" 200 615 "-" "Wget" "-"
::1 - - [17/Nov/2024:23:05:35 +0000] "GET / HTTP/1.1" 200 615 "-" "Wget" "-"
::1 - - [17/Nov/2024:23:05:41 +0000] "GET / HTTP/1.1" 200 615 "-" "Wget" "-"
::1 - - [17/Nov/2024:23:05:46 +0000] "GET / HTTP/1.1" 200 615 "-" "Wget" "-"
::1 - - [17/Nov/2024:23:05:51 +0000] "GET / HTTP/1.1" 200 615 "-" "Wget" "-"
::1 - - [17/Nov/2024:23:05:56 +0000] "GET / HTTP/1.1" 200 615 "-" "Wget" "-"
::1 - - [17/Nov/2024:23:06:01 +0000] "GET / HTTP/1.1" 200 615 "-" "Wget" "-"
::1 - - [17/Nov/2024:23:06:06 +0000] "GET / HTTP/1.1" 200 615 "-" "Wget" "-"
::1 - - [17/Nov/2024:23:06:11 +0000] "GET / HTTP/1.1" 200 615 "-" "Wget" "-"
::1 - - [17/Nov/2024:23:06:16 +0000] "GET / HTTP/1.1" 200 615 "-" "Wget" "-"
::1 - - [17/Nov/2024:23:06:21 +0000] "GET / HTTP/1.1" 200 615 "-" "Wget" "-"
::1 - - [17/Nov/2024:23:06:26 +0000] "GET / HTTP/1.1" 200 615 "-" "Wget" "-"
::1 - - [17/Nov/2024:23:06:32 +0000] "GET / HTTP/1.1" 200 615 "-" "Wget" "-"
::1 - - [17/Nov/2024:23:06:37 +0000] "GET / HTTP/1.1" 200 615 "-" "Wget" "-"
::1 - - [17/Nov/2024:23:06:42 +0000] "GET / HTTP/1.1" 200 615 "-" "Wget" "-"
::1 - - [17/Nov/2024:23:06:47 +0000] "GET / HTTP/1.1" 200 615 "-" "Wget" "-"
::1 - - [17/Nov/2024:23:06:52 +0000] "GET / HTTP/1.1" 200 615 "-" "Wget" "-"
::1 - - [17/Nov/2024:23:06:57 +0000] "GET / HTTP/1.1" 200 615 "-" "Wget" "-"
::1 - - [17/Nov/2024:23:07:02 +0000] "GET / HTTP/1.1" 200 615 "-" "Wget" "-"
::1 - - [17/Nov/2024:23:07:07 +0000] "GET / HTTP/1.1" 200 615 "-" "Wget" "-"
::1 - - [17/Nov/2024:23:07:12 +0000] "GET / HTTP/1.1" 200 615 "-" "Wget" "-"
::1 - - [17/Nov/2024:23:07:17 +0000] "GET / HTTP/1.1" 200 615 "-" "Wget" "-"
::1 - - [17/Nov/2024:23:07:23 +0000] "GET / HTTP/1.1" 200 615 "-" "Wget" "-"
::1 - - [17/Nov/2024:23:07:28 +0000] "GET / HTTP/1.1" 200 615 "-" "Wget" "-"
::1 - - [17/Nov/2024:23:07:33 +0000] "GET / HTTP/1.1" 200 615 "-" "Wget" "-"
::1 - - [17/Nov/2024:23:07:38 +0000] "GET / HTTP/1.1" 200 615 "-" "Wget" "-"
::1 - - [17/Nov/2024:23:07:43 +0000] "GET / HTTP/1.1" 200 615 "-" "Wget" "-"
::1 - - [17/Nov/2024:23:07:48 +0000] "GET / HTTP/1.1" 200 615 "-" "Wget" "-"
::1 - - [17/Nov/2024:23:07:54 +0000] "GET / HTTP/1.1" 200 615 "-" "Wget" "-"
::1 - - [17/Nov/2024:23:07:59 +0000] "GET / HTTP/1.1" 200 615 "-" "Wget" "-"
::1 - - [17/Nov/2024:23:08:04 +0000] "GET / HTTP/1.1" 200 615 "-" "Wget" "-"
::1 - - [17/Nov/2024:23:08:09 +0000] "GET / HTTP/1.1" 200 615 "-" "Wget" "-"
::1 - - [17/Nov/2024:23:08:14 +0000] "GET / HTTP/1.1" 200 615 "-" "Wget" "-"
::1 - - [17/Nov/2024:23:08:19 +0000] "GET / HTTP/1.1" 200 615 "-" "Wget" "-"
::1 - - [17/Nov/2024:23:08:24 +0000] "GET / HTTP/1.1" 200 615 "-" "Wget" "-"
::1 - - [17/Nov/2024:23:08:30 +0000] "GET / HTTP/1.1" 200 615 "-" "Wget" "-"
::1 - - [17/Nov/2024:23:08:35 +0000] "GET / HTTP/1.1" 200 615 "-" "Wget" "-"
::1 - - [17/Nov/2024:23:08:40 +0000] "GET / HTTP/1.1" 200 615 "-" "Wget" "-"
::1 - - [17/Nov/2024:23:08:45 +0000] "GET / HTTP/1.1" 200 615 "-" "Wget" "-"
::1 - - [17/Nov/2024:23:08:50 +0000] "GET / HTTP/1.1" 200 615 "-" "Wget" "-"
::1 - - [17/Nov/2024:23:08:55 +0000] "GET / HTTP/1.1" 200 615 "-" "Wget" "-"
::1 - - [17/Nov/2024:23:09:00 +0000] "GET / HTTP/1.1" 200 615 "-" "Wget" "-"
::1 - - [17/Nov/2024:23:09:05 +0000] "GET / HTTP/1.1" 200 615 "-" "Wget" "-"
::1 - - [17/Nov/2024:23:09:10 +0000] "GET / HTTP/1.1" 200 615 "-" "Wget" "-"
::1 - - [17/Nov/2024:23:09:15 +0000] "GET / HTTP/1.1" 200 615 "-" "Wget" "-"
::1 - - [17/Nov/2024:23:09:21 +0000] "GET / HTTP/1.1" 200 615 "-" "Wget" "-"
::1 - - [17/Nov/2024:23:09:26 +0000] "GET / HTTP/1.1" 200 615 "-" "Wget" "-"
::1 - - [17/Nov/2024:23:09:31 +0000] "GET / HTTP/1.1" 200 615 "-" "Wget" "-"
::1 - - [17/Nov/2024:23:09:36 +0000] "GET / HTTP/1.1" 200 615 "-" "Wget" "-"
::1 - - [17/Nov/2024:23:09:41 +0000] "GET / HTTP/1.1" 200 615 "-" "Wget" "-"
::1 - - [17/Nov/2024:23:09:46 +0000] "GET / HTTP/1.1" 200 615 "-" "Wget" "-"
::1 - - [17/Nov/2024:23:09:51 +0000] "GET / HTTP/1.1" 200 615 "-" "Wget" "-"
::1 - - [17/Nov/2024:23:09:56 +0000] "GET / HTTP/1.1" 200 615 "-" "Wget" "-"
::1 - - [17/Nov/2024:23:10:01 +0000] "GET / HTTP/1.1" 200 615 "-" "Wget" "-"
::1 - - [17/Nov/2024:23:10:06 +0000] "GET / HTTP/1.1" 200 615 "-" "Wget" "-"
::1 - - [17/Nov/2024:23:10:11 +0000] "GET / HTTP/1.1" 200 615 "-" "Wget" "-"
::1 - - [17/Nov/2024:23:10:16 +0000] "GET / HTTP/1.1" 200 615 "-" "Wget" "-"
::1 - - [17/Nov/2024:23:10:21 +0000] "GET / HTTP/1.1" 200 615 "-" "Wget" "-"
::1 - - [17/Nov/2024:23:10:26 +0000] "GET / HTTP/1.1" 200 615 "-" "Wget" "-"
::1 - - [17/Nov/2024:23:10:31 +0000] "GET / HTTP/1.1" 200 615 "-" "Wget" "-"
::1 - - [17/Nov/2024:23:10:36 +0000] "GET / HTTP/1.1" 200 615 "-" "Wget" "-"
::1 - - [17/Nov/2024:23:10:42 +0000] "GET / HTTP/1.1" 200 615 "-" "Wget" "-"
::1 - - [17/Nov/2024:23:10:47 +0000] "GET / HTTP/1.1" 200 615 "-" "Wget" "-"
::1 - - [17/Nov/2024:23:10:52 +0000] "GET / HTTP/1.1" 200 615 "-" "Wget" "-"
::1 - - [17/Nov/2024:23:10:57 +0000] "GET / HTTP/1.1" 200 615 "-" "Wget" "-"
::1 - - [17/Nov/2024:23:11:02 +0000] "GET / HTTP/1.1" 200 615 "-" "Wget" "-"
::1 - - [17/Nov/2024:23:11:07 +0000] "GET / HTTP/1.1" 200 615 "-" "Wget" "-"
::1 - - [17/Nov/2024:23:11:12 +0000] "GET / HTTP/1.1" 200 615 "-" "Wget" "-"
::1 - - [17/Nov/2024:23:11:17 +0000] "GET / HTTP/1.1" 200 615 "-" "Wget" "-"
::1 - - [17/Nov/2024:23:11:22 +0000] "GET / HTTP/1.1" 200 615 "-" "Wget" "-"
::1 - - [17/Nov/2024:23:11:27 +0000] "GET / HTTP/1.1" 200 615 "-" "Wget" "-"
::1 - - [17/Nov/2024:23:11:32 +0000] "GET / HTTP/1.1" 200 615 "-" "Wget" "-"
::1 - - [17/Nov/2024:23:11:37 +0000] "GET / HTTP/1.1" 200 615 "-" "Wget" "-"
::1 - - [17/Nov/2024:23:11:43 +0000] "GET / HTTP/1.1" 200 615 "-" "Wget" "-"
::1 - - [17/Nov/2024:23:11:48 +0000] "GET / HTTP/1.1" 200 615 "-" "Wget" "-"
::1 - - [17/Nov/2024:23:11:53 +0000] "GET / HTTP/1.1" 200 615 "-" "Wget" "-"
::1 - - [17/Nov/2024:23:11:58 +0000] "GET / HTTP/1.1" 200 615 "-" "Wget" "-"
::1 - - [17/Nov/2024:23:12:03 +0000] "GET / HTTP/1.1" 200 615 "-" "Wget" "-"
::1 - - [17/Nov/2024:23:12:09 +0000] "GET / HTTP/1.1" 200 615 "-" "Wget" "-"
::1 - - [17/Nov/2024:23:12:14 +0000] "GET / HTTP/1.1" 200 615 "-" "Wget" "-"
::1 - - [17/Nov/2024:23:12:19 +0000] "GET / HTTP/1.1" 200 615 "-" "Wget" "-"
::1 - - [17/Nov/2024:23:12:24 +0000] "GET / HTTP/1.1" 200 615 "-" "Wget" "-"
::1 - - [17/Nov/2024:23:12:29 +0000] "GET / HTTP/1.1" 200 615 "-" "Wget" "-"
::1 - - [17/Nov/2024:23:12:34 +0000] "GET / HTTP/1.1" 200 615 "-" "Wget" "-"
::1 - - [17/Nov/2024:23:12:39 +0000] "GET / HTTP/1.1" 200 615 "-" "Wget" "-"
::1 - - [17/Nov/2024:23:12:44 +0000] "GET / HTTP/1.1" 200 615 "-" "Wget" "-"
::1 - - [17/Nov/2024:23:12:49 +0000] "GET / HTTP/1.1" 200 615 "-" "Wget" "-"
::1 - - [17/Nov/2024:23:12:54 +0000] "GET / HTTP/1.1" 200 615 "-" "Wget" "-"
::1 - - [17/Nov/2024:23:13:00 +0000] "GET / HTTP/1.1" 200 615 "-" "Wget" "-"
::1 - - [17/Nov/2024:23:13:05 +0000] "GET / HTTP/1.1" 200 615 "-" "Wget" "-"
::1 - - [17/Nov/2024:23:13:10 +0000] "GET / HTTP/1.1" 200 615 "-" "Wget" "-"
::1 - - [17/Nov/2024:23:13:15 +0000] "GET / HTTP/1.1" 200 615 "-" "Wget" "-"
::1 - - [17/Nov/2024:23:13:20 +0000] "GET / HTTP/1.1" 200 615 "-" "Wget" "-"
::1 - - [17/Nov/2024:23:13:25 +0000] "GET / HTTP/1.1" 200 615 "-" "Wget" "-"
::1 - - [17/Nov/2024:23:13:30 +0000] "GET / HTTP/1.1" 200 615 "-" "Wget" "-"
::1 - - [17/Nov/2024:23:13:35 +0000] "GET / HTTP/1.1" 200 615 "-" "Wget" "-"
::1 - - [17/Nov/2024:23:13:40 +0000] "GET / HTTP/1.1" 200 615 "-" "Wget" "-"
::1 - - [17/Nov/2024:23:13:46 +0000] "GET / HTTP/1.1" 200 615 "-" "Wget" "-"
::1 - - [17/Nov/2024:23:13:51 +0000] "GET / HTTP/1.1" 200 615 "-" "Wget" "-"
::1 - - [17/Nov/2024:23:13:56 +0000] "GET / HTTP/1.1" 200 615 "-" "Wget" "-"
::1 - - [17/Nov/2024:23:14:01 +0000] "GET / HTTP/1.1" 200 615 "-" "Wget" "-"
::1 - - [17/Nov/2024:23:14:06 +0000] "GET / HTTP/1.1" 200 615 "-" "Wget" "-"
::1 - - [17/Nov/2024:23:14:11 +0000] "GET / HTTP/1.1" 200 615 "-" "Wget" "-"
::1 - - [17/Nov/2024:23:14:16 +0000] "GET / HTTP/1.1" 200 615 "-" "Wget" "-"
::1 - - [17/Nov/2024:23:14:21 +0000] "GET / HTTP/1.1" 200 615 "-" "Wget" "-"
::1 - - [17/Nov/2024:23:14:26 +0000] "GET / HTTP/1.1" 200 615 "-" "Wget" "-"
::1 - - [17/Nov/2024:23:14:31 +0000] "GET / HTTP/1.1" 200 615 "-" "Wget" "-"
::1 - - [17/Nov/2024:23:14:36 +0000] "GET / HTTP/1.1" 200 615 "-" "Wget" "-"
::1 - - [17/Nov/2024:23:14:41 +0000] "GET / HTTP/1.1" 200 615 "-" "Wget" "-"
::1 - - [17/Nov/2024:23:14:46 +0000] "GET / HTTP/1.1" 200 615 "-" "Wget" "-"
::1 - - [17/Nov/2024:23:14:51 +0000] "GET / HTTP/1.1" 200 615 "-" "Wget" "-"
::1 - - [17/Nov/2024:23:14:57 +0000] "GET / HTTP/1.1" 200 615 "-" "Wget" "-"
::1 - - [17/Nov/2024:23:15:02 +0000] "GET / HTTP/1.1" 200 615 "-" "Wget" "-"
::1 - - [17/Nov/2024:23:15:07 +0000] "GET / HTTP/1.1" 200 615 "-" "Wget" "-"
::1 - - [17/Nov/2024:23:15:12 +0000] "GET / HTTP/1.1" 200 615 "-" "Wget" "-"
::1 - - [17/Nov/2024:23:15:17 +0000] "GET / HTTP/1.1" 200 615 "-" "Wget" "-"
::1 - - [17/Nov/2024:23:15:22 +0000] "GET / HTTP/1.1" 200 615 "-" "Wget" "-"
::1 - - [17/Nov/2024:23:15:27 +0000] "GET / HTTP/1.1" 200 615 "-" "Wget" "-"
::1 - - [17/Nov/2024:23:15:32 +0000] "GET / HTTP/1.1" 200 615 "-" "Wget" "-"
::1 - - [17/Nov/2024:23:15:37 +0000] "GET / HTTP/1.1" 200 615 "-" "Wget" "-"
::1 - - [17/Nov/2024:23:15:42 +0000] "GET / HTTP/1.1" 200 615 "-" "Wget" "-"
::1 - - [17/Nov/2024:23:15:47 +0000] "GET / HTTP/1.1" 200 615 "-" "Wget" "-"
::1 - - [17/Nov/2024:23:15:52 +0000] "GET / HTTP/1.1" 200 615 "-" "Wget" "-"
::1 - - [17/Nov/2024:23:15:58 +0000] "GET / HTTP/1.1" 200 615 "-" "Wget" "-"
::1 - - [17/Nov/2024:23:16:03 +0000] "GET / HTTP/1.1" 200 615 "-" "Wget" "-"
::1 - - [17/Nov/2024:23:16:08 +0000] "GET / HTTP/1.1" 200 615 "-" "Wget" "-"
::1 - - [17/Nov/2024:23:16:13 +0000] "GET / HTTP/1.1" 200 615 "-" "Wget" "-"
::1 - - [17/Nov/2024:23:16:18 +0000] "GET / HTTP/1.1" 200 615 "-" "Wget" "-"
::1 - - [17/Nov/2024:23:16:23 +0000] "GET / HTTP/1.1" 200 615 "-" "Wget" "-"
::1 - - [17/Nov/2024:23:16:28 +0000] "GET / HTTP/1.1" 200 615 "-" "Wget" "-"
::1 - - [17/Nov/2024:23:16:33 +0000] "GET / HTTP/1.1" 200 615 "-" "Wget" "-"
::1 - - [17/Nov/2024:23:16:38 +0000] "GET / HTTP/1.1" 200 615 "-" "Wget" "-"
::1 - - [17/Nov/2024:23:16:43 +0000] "GET / HTTP/1.1" 200 615 "-" "Wget" "-"
::1 - - [17/Nov/2024:23:16:48 +0000] "GET / HTTP/1.1" 200 615 "-" "Wget" "-"
::1 - - [17/Nov/2024:23:16:54 +0000] "GET / HTTP/1.1" 200 615 "-" "Wget" "-"
::1 - - [17/Nov/2024:23:16:59 +0000] "GET / HTTP/1.1" 200 615 "-" "Wget" "-"
::1 - - [17/Nov/2024:23:17:04 +0000] "GET / HTTP/1.1" 200 615 "-" "Wget" "-"
::1 - - [17/Nov/2024:23:17:09 +0000] "GET / HTTP/1.1" 200 615 "-" "Wget" "-"
::1 - - [17/Nov/2024:23:17:14 +0000] "GET / HTTP/1.1" 200 615 "-" "Wget" "-"
::1 - - [17/Nov/2024:23:17:19 +0000] "GET / HTTP/1.1" 200 615 "-" "Wget" "-"
::1 - - [17/Nov/2024:23:17:24 +0000] "GET / HTTP/1.1" 200 615 "-" "Wget" "-"
::1 - - [17/Nov/2024:23:17:29 +0000] "GET / HTTP/1.1" 200 615 "-" "Wget" "-"
::1 - - [17/Nov/2024:23:17:34 +0000] "GET / HTTP/1.1" 200 615 "-" "Wget" "-"
::1 - - [17/Nov/2024:23:17:40 +0000] "GET / HTTP/1.1" 200 615 "-" "Wget" "-"
::1 - - [17/Nov/2024:23:17:45 +0000] "GET / HTTP/1.1" 200 615 "-" "Wget" "-"
::1 - - [17/Nov/2024:23:17:50 +0000] "GET / HTTP/1.1" 200 615 "-" "Wget" "-"
::1 - - [17/Nov/2024:23:17:55 +0000] "GET / HTTP/1.1" 200 615 "-" "Wget" "-"
::1 - - [17/Nov/2024:23:18:00 +0000] "GET / HTTP/1.1" 200 615 "-" "Wget" "-"
::1 - - [17/Nov/2024:23:18:05 +0000] "GET / HTTP/1.1" 200 615 "-" "Wget" "-"
::1 - - [17/Nov/2024:23:18:11 +0000] "GET / HTTP/1.1" 200 615 "-" "Wget" "-"
::1 - - [17/Nov/2024:23:18:16 +0000] "GET / HTTP/1.1" 200 615 "-" "Wget" "-"
::1 - - [17/Nov/2024:23:18:21 +0000] "GET / HTTP/1.1" 200 615 "-" "Wget" "-"
::1 - - [17/Nov/2024:23:18:26 +0000] "GET / HTTP/1.1" 200 615 "-" "Wget" "-"
::1 - - [17/Nov/2024:23:18:31 +0000] "GET / HTTP/1.1" 200 615 "-" "Wget" "-"
::1 - - [17/Nov/2024:23:18:36 +0000] "GET / HTTP/1.1" 200 615 "-" "Wget" "-"
::1 - - [17/Nov/2024:23:18:41 +0000] "GET / HTTP/1.1" 200 615 "-" "Wget" "-"
::1 - - [17/Nov/2024:23:18:47 +0000] "GET / HTTP/1.1" 200 615 "-" "Wget" "-"
::1 - - [17/Nov/2024:23:18:52 +0000] "GET / HTTP/1.1" 200 615 "-" "Wget" "-"
::1 - - [17/Nov/2024:23:18:57 +0000] "GET / HTTP/1.1" 200 615 "-" "Wget" "-"
::1 - - [17/Nov/2024:23:19:02 +0000] "GET / HTTP/1.1" 200 615 "-" "Wget" "-"
::1 - - [17/Nov/2024:23:19:07 +0000] "GET / HTTP/1.1" 200 615 "-" "Wget" "-"
::1 - - [17/Nov/2024:23:19:12 +0000] "GET / HTTP/1.1" 200 615 "-" "Wget" "-"
::1 - - [17/Nov/2024:23:19:17 +0000] "GET / HTTP/1.1" 200 615 "-" "Wget" "-"
::1 - - [17/Nov/2024:23:19:22 +0000] "GET / HTTP/1.1" 200 615 "-" "Wget" "-"
::1 - - [17/Nov/2024:23:19:27 +0000] "GET / HTTP/1.1" 200 615 "-" "Wget" "-"
::1 - - [17/Nov/2024:23:19:33 +0000] "GET / HTTP/1.1" 200 615 "-" "Wget" "-"
::1 - - [17/Nov/2024:23:19:38 +0000] "GET / HTTP/1.1" 200 615 "-" "Wget" "-"
::1 - - [17/Nov/2024:23:19:43 +0000] "GET / HTTP/1.1" 200 615 "-" "Wget" "-"
::1 - - [17/Nov/2024:23:19:48 +0000] "GET / HTTP/1.1" 200 615 "-" "Wget" "-"
::1 - - [17/Nov/2024:23:19:53 +0000] "GET / HTTP/1.1" 200 615 "-" "Wget" "-"
::1 - - [17/Nov/2024:23:19:58 +0000] "GET / HTTP/1.1" 200 615 "-" "Wget" "-"
::1 - - [17/Nov/2024:23:20:03 +0000] "GET / HTTP/1.1" 200 615 "-" "Wget" "-"
::1 - - [17/Nov/2024:23:20:08 +0000] "GET / HTTP/1.1" 200 615 "-" "Wget" "-"
::1 - - [17/Nov/2024:23:20:14 +0000] "GET / HTTP/1.1" 200 615 "-" "Wget" "-"
::1 - - [17/Nov/2024:23:20:19 +0000] "GET / HTTP/1.1" 200 615 "-" "Wget" "-"
::1 - - [17/Nov/2024:23:20:24 +0000] "GET / HTTP/1.1" 200 615 "-" "Wget" "-"
::1 - - [17/Nov/2024:23:20:29 +0000] "GET / HTTP/1.1" 200 615 "-" "Wget" "-"
::1 - - [17/Nov/2024:23:20:34 +0000] "GET / HTTP/1.1" 200 615 "-" "Wget" "-"
::1 - - [17/Nov/2024:23:20:39 +0000] "GET / HTTP/1.1" 200 615 "-" "Wget" "-"
::1 - - [17/Nov/2024:23:20:44 +0000] "GET / HTTP/1.1" 200 615 "-" "Wget" "-"
::1 - - [17/Nov/2024:23:20:49 +0000] "GET / HTTP/1.1" 200 615 "-" "Wget" "-"
::1 - - [17/Nov/2024:23:20:54 +0000] "GET / HTTP/1.1" 200 615 "-" "Wget" "-"
::1 - - [17/Nov/2024:23:20:59 +0000] "GET / HTTP/1.1" 200 615 "-" "Wget" "-"
::1 - - [17/Nov/2024:23:21:04 +0000] "GET / HTTP/1.1" 200 615 "-" "Wget" "-"
::1 - - [17/Nov/2024:23:21:09 +0000] "GET / HTTP/1.1" 200 615 "-" "Wget" "-"
::1 - - [17/Nov/2024:23:21:15 +0000] "GET / HTTP/1.1" 200 615 "-" "Wget" "-"
::1 - - [17/Nov/2024:23:21:20 +0000] "GET / HTTP/1.1" 200 615 "-" "Wget" "-"
::1 - - [17/Nov/2024:23:21:25 +0000] "GET / HTTP/1.1" 200 615 "-" "Wget" "-"
::1 - - [17/Nov/2024:23:21:30 +0000] "GET / HTTP/1.1" 200 615 "-" "Wget" "-"
::1 - - [17/Nov/2024:23:21:35 +0000] "GET / HTTP/1.1" 200 615 "-" "Wget" "-"
::1 - - [17/Nov/2024:23:21:40 +0000] "GET / HTTP/1.1" 200 615 "-" "Wget" "-"
::1 - - [17/Nov/2024:23:21:45 +0000] "GET / HTTP/1.1" 200 615 "-" "Wget" "-"
::1 - - [17/Nov/2024:23:21:50 +0000] "GET / HTTP/1.1" 200 615 "-" "Wget" "-"
::1 - - [17/Nov/2024:23:21:55 +0000] "GET / HTTP/1.1" 200 615 "-" "Wget" "-"
::1 - - [17/Nov/2024:23:22:00 +0000] "GET / HTTP/1.1" 200 615 "-" "Wget" "-"
::1 - - [17/Nov/2024:23:22:05 +0000] "GET / HTTP/1.1" 200 615 "-" "Wget" "-"
::1 - - [17/Nov/2024:23:22:10 +0000] "GET / HTTP/1.1" 200 615 "-" "Wget" "-"
::1 - - [17/Nov/2024:23:22:15 +0000] "GET / HTTP/1.1" 200 615 "-" "Wget" "-"
::1 - - [17/Nov/2024:23:22:20 +0000] "GET / HTTP/1.1" 200 615 "-" "Wget" "-"
::1 - - [17/Nov/2024:23:22:25 +0000] "GET / HTTP/1.1" 200 615 "-" "Wget" "-"
::1 - - [17/Nov/2024:23:22:31 +0000] "GET / HTTP/1.1" 200 615 "-" "Wget" "-"
::1 - - [17/Nov/2024:23:22:36 +0000] "GET / HTTP/1.1" 200 615 "-" "Wget" "-"
::1 - - [17/Nov/2024:23:22:41 +0000] "GET / HTTP/1.1" 200 615 "-" "Wget" "-"
::1 - - [17/Nov/2024:23:22:46 +0000] "GET / HTTP/1.1" 200 615 "-" "Wget" "-"
::1 - - [17/Nov/2024:23:22:51 +0000] "GET / HTTP/1.1" 200 615 "-" "Wget" "-"
::1 - - [17/Nov/2024:23:22:56 +0000] "GET / HTTP/1.1" 200 615 "-" "Wget" "-"
::1 - - [17/Nov/2024:23:23:01 +0000] "GET / HTTP/1.1" 200 615 "-" "Wget" "-"
::1 - - [17/Nov/2024:23:23:06 +0000] "GET / HTTP/1.1" 200 615 "-" "Wget" "-"
::1 - - [17/Nov/2024:23:23:12 +0000] "GET / HTTP/1.1" 200 615 "-" "Wget" "-"
::1 - - [17/Nov/2024:23:23:17 +0000] "GET / HTTP/1.1" 200 615 "-" "Wget" "-"
::1 - - [17/Nov/2024:23:23:22 +0000] "GET / HTTP/1.1" 200 615 "-" "Wget" "-"
::1 - - [17/Nov/2024:23:23:27 +0000] "GET / HTTP/1.1" 200 615 "-" "Wget" "-"
::1 - - [17/Nov/2024:23:23:32 +0000] "GET / HTTP/1.1" 200 615 "-" "Wget" "-"
::1 - - [17/Nov/2024:23:23:37 +0000] "GET / HTTP/1.1" 200 615 "-" "Wget" "-"
::1 - - [17/Nov/2024:23:23:42 +0000] "GET / HTTP/1.1" 200 615 "-" "Wget" "-"
::1 - - [17/Nov/2024:23:23:47 +0000] "GET / HTTP/1.1" 200 615 "-" "Wget" "-"
::1 - - [17/Nov/2024:23:23:52 +0000] "GET / HTTP/1.1" 200 615 "-" "Wget" "-"
::1 - - [17/Nov/2024:23:23:57 +0000] "GET / HTTP/1.1" 200 615 "-" "Wget" "-"
::1 - - [17/Nov/2024:23:24:02 +0000] "GET / HTTP/1.1" 200 615 "-" "Wget" "-"
::1 - - [17/Nov/2024:23:24:07 +0000] "GET / HTTP/1.1" 200 615 "-" "Wget" "-"
::1 - - [17/Nov/2024:23:24:12 +0000] "GET / HTTP/1.1" 200 615 "-" "Wget" "-"
::1 - - [17/Nov/2024:23:24:17 +0000] "GET / HTTP/1.1" 200 615 "-" "Wget" "-"
::1 - - [17/Nov/2024:23:24:23 +0000] "GET / HTTP/1.1" 200 615 "-" "Wget" "-"
::1 - - [17/Nov/2024:23:24:28 +0000] "GET / HTTP/1.1" 200 615 "-" "Wget" "-"
::1 - - [17/Nov/2024:23:24:33 +0000] "GET / HTTP/1.1" 200 615 "-" "Wget" "-"
::1 - - [17/Nov/2024:23:24:38 +0000] "GET / HTTP/1.1" 200 615 "-" "Wget" "-"
::1 - - [17/Nov/2024:23:24:43 +0000] "GET / HTTP/1.1" 200 615 "-" "Wget" "-"
::1 - - [17/Nov/2024:23:24:48 +0000] "GET / HTTP/1.1" 200 615 "-" "Wget" "-"
::1 - - [17/Nov/2024:23:24:53 +0000] "GET / HTTP/1.1" 200 615 "-" "Wget" "-"
::1 - - [17/Nov/2024:23:24:58 +0000] "GET / HTTP/1.1" 200 615 "-" "Wget" "-"
::1 - - [17/Nov/2024:23:25:03 +0000] "GET / HTTP/1.1" 200 615 "-" "Wget" "-"
::1 - - [17/Nov/2024:23:25:08 +0000] "GET / HTTP/1.1" 200 615 "-" "Wget" "-"
::1 - - [17/Nov/2024:23:25:13 +0000] "GET / HTTP/1.1" 200 615 "-" "Wget" "-"
::1 - - [17/Nov/2024:23:25:18 +0000] "GET / HTTP/1.1" 200 615 "-" "Wget" "-"
::1 - - [17/Nov/2024:23:25:23 +0000] "GET / HTTP/1.1" 200 615 "-" "Wget" "-"
::1 - - [17/Nov/2024:23:25:29 +0000] "GET / HTTP/1.1" 200 615 "-" "Wget" "-"
::1 - - [17/Nov/2024:23:25:34 +0000] "GET / HTTP/1.1" 200 615 "-" "Wget" "-"
::1 - - [17/Nov/2024:23:25:39 +0000] "GET / HTTP/1.1" 200 615 "-" "Wget" "-"
::1 - - [17/Nov/2024:23:25:44 +0000] "GET / HTTP/1.1" 200 615 "-" "Wget" "-"
::1 - - [17/Nov/2024:23:25:49 +0000] "GET / HTTP/1.1" 200 615 "-" "Wget" "-"
::1 - - [17/Nov/2024:23:25:54 +0000] "GET / HTTP/1.1" 200 615 "-" "Wget" "-"
::1 - - [17/Nov/2024:23:25:59 +0000] "GET / HTTP/1.1" 200 615 "-" "Wget" "-"
::1 - - [17/Nov/2024:23:26:04 +0000] "GET / HTTP/1.1" 200 615 "-" "Wget" "-"
::1 - - [17/Nov/2024:23:26:09 +0000] "GET / HTTP/1.1" 200 615 "-" "Wget" "-"
::1 - - [17/Nov/2024:23:26:14 +0000] "GET / HTTP/1.1" 200 615 "-" "Wget" "-"
::1 - - [17/Nov/2024:23:26:19 +0000] "GET / HTTP/1.1" 200 615 "-" "Wget" "-"
::1 - - [17/Nov/2024:23:26:24 +0000] "GET / HTTP/1.1" 200 615 "-" "Wget" "-"
::1 - - [17/Nov/2024:23:26:29 +0000] "GET / HTTP/1.1" 200 615 "-" "Wget" "-"
::1 - - [17/Nov/2024:23:26:34 +0000] "GET / HTTP/1.1" 200 615 "-" "Wget" "-"
::1 - - [17/Nov/2024:23:26:39 +0000] "GET / HTTP/1.1" 200 615 "-" "Wget" "-"
::1 - - [17/Nov/2024:23:26:44 +0000] "GET / HTTP/1.1" 200 615 "-" "Wget" "-"
::1 - - [17/Nov/2024:23:26:49 +0000] "GET / HTTP/1.1" 200 615 "-" "Wget" "-"
::1 - - [17/Nov/2024:23:26:55 +0000] "GET / HTTP/1.1" 200 615 "-" "Wget" "-"
::1 - - [17/Nov/2024:23:27:00 +0000] "GET / HTTP/1.1" 200 615 "-" "Wget" "-"
::1 - - [17/Nov/2024:23:27:05 +0000] "GET / HTTP/1.1" 200 615 "-" "Wget" "-"
::1 - - [17/Nov/2024:23:27:10 +0000] "GET / HTTP/1.1" 200 615 "-" "Wget" "-"
::1 - - [17/Nov/2024:23:27:15 +0000] "GET / HTTP/1.1" 200 615 "-" "Wget" "-"
::1 - - [17/Nov/2024:23:27:20 +0000] "GET / HTTP/1.1" 200 615 "-" "Wget" "-"
::1 - - [17/Nov/2024:23:27:25 +0000] "GET / HTTP/1.1" 200 615 "-" "Wget" "-"
::1 - - [17/Nov/2024:23:27:30 +0000] "GET / HTTP/1.1" 200 615 "-" "Wget" "-"
::1 - - [17/Nov/2024:23:27:35 +0000] "GET / HTTP/1.1" 200 615 "-" "Wget" "-"
::1 - - [17/Nov/2024:23:27:40 +0000] "GET / HTTP/1.1" 200 615 "-" "Wget" "-"
::1 - - [17/Nov/2024:23:27:45 +0000] "GET / HTTP/1.1" 200 615 "-" "Wget" "-"
::1 - - [17/Nov/2024:23:27:50 +0000] "GET / HTTP/1.1" 200 615 "-" "Wget" "-"
::1 - - [17/Nov/2024:23:27:55 +0000] "GET / HTTP/1.1" 200 615 "-" "Wget" "-"
::1 - - [17/Nov/2024:23:28:00 +0000] "GET / HTTP/1.1" 200 615 "-" "Wget" "-"
::1 - - [17/Nov/2024:23:28:05 +0000] "GET / HTTP/1.1" 200 615 "-" "Wget" "-"
::1 - - [17/Nov/2024:23:28:10 +0000] "GET / HTTP/1.1" 200 615 "-" "Wget" "-"
::1 - - [17/Nov/2024:23:28:16 +0000] "GET / HTTP/1.1" 200 615 "-" "Wget" "-"
::1 - - [17/Nov/2024:23:28:21 +0000] "GET / HTTP/1.1" 200 615 "-" "Wget" "-"
::1 - - [17/Nov/2024:23:28:26 +0000] "GET / HTTP/1.1" 200 615 "-" "Wget" "-"
192.168.65.1 - - [17/Nov/2024:23:28:29 +0000] "GET /api/openapi HTTP/1.1" 200 615 "-" "Mozilla/5.0 (Macintosh; Intel Mac OS X 10_15_7) AppleWebKit/537.36 (KHTML, like Gecko) Chrome/130.0.0.0 Safari/537.36" "-"
::1 - - [17/Nov/2024:23:28:31 +0000] "GET / HTTP/1.1" 200 615 "-" "Wget" "-"
::1 - - [17/Nov/2024:23:28:36 +0000] "GET / HTTP/1.1" 200 615 "-" "Wget" "-"
192.168.65.1 - - [17/Nov/2024:23:28:38 +0000] "GET /api/openapi HTTP/1.1" 304 0 "-" "Mozilla/5.0 (Macintosh; Intel Mac OS X 10_15_7) AppleWebKit/537.36 (KHTML, like Gecko) Chrome/130.0.0.0 Safari/537.36" "-"
192.168.65.1 - - [17/Nov/2024:23:28:40 +0000] "GET /api/openapi HTTP/1.1" 304 0 "-" "Mozilla/5.0 (Macintosh; Intel Mac OS X 10_15_7) AppleWebKit/537.36 (KHTML, like Gecko) Chrome/130.0.0.0 Safari/537.36" "-"
::1 - - [17/Nov/2024:23:28:41 +0000] "GET / HTTP/1.1" 200 615 "-" "Wget" "-"
::1 - - [17/Nov/2024:23:28:46 +0000] "GET / HTTP/1.1" 200 615 "-" "Wget" "-"
::1 - - [17/Nov/2024:23:28:51 +0000] "GET / HTTP/1.1" 200 615 "-" "Wget" "-"
192.168.65.1 - - [17/Nov/2024:23:28:54 +0000] "GET /api/openapi HTTP/1.1" 304 0 "-" "Mozilla/5.0 (Macintosh; Intel Mac OS X 10_15_7) AppleWebKit/537.36 (KHTML, like Gecko) Chrome/130.0.0.0 Safari/537.36" "-"
192.168.65.1 - - [17/Nov/2024:23:28:54 +0000] "GET /api/openapi HTTP/1.1" 304 0 "-" "Mozilla/5.0 (Macintosh; Intel Mac OS X 10_15_7) AppleWebKit/537.36 (KHTML, like Gecko) Chrome/130.0.0.0 Safari/537.36" "-"
192.168.65.1 - - [17/Nov/2024:23:28:55 +0000] "GET /api/openapi HTTP/1.1" 304 0 "-" "Mozilla/5.0 (Macintosh; Intel Mac OS X 10_15_7) AppleWebKit/537.36 (KHTML, like Gecko) Chrome/130.0.0.0 Safari/537.36" "-"
192.168.65.1 - - [17/Nov/2024:23:28:55 +0000] "GET /api/openapi HTTP/1.1" 304 0 "-" "Mozilla/5.0 (Macintosh; Intel Mac OS X 10_15_7) AppleWebKit/537.36 (KHTML, like Gecko) Chrome/130.0.0.0 Safari/537.36" "-"
192.168.65.1 - - [17/Nov/2024:23:28:55 +0000] "GET /api/openapi HTTP/1.1" 304 0 "-" "Mozilla/5.0 (Macintosh; Intel Mac OS X 10_15_7) AppleWebKit/537.36 (KHTML, like Gecko) Chrome/130.0.0.0 Safari/537.36" "-"
192.168.65.1 - - [17/Nov/2024:23:28:55 +0000] "GET /api/openapi HTTP/1.1" 304 0 "-" "Mozilla/5.0 (Macintosh; Intel Mac OS X 10_15_7) AppleWebKit/537.36 (KHTML, like Gecko) Chrome/130.0.0.0 Safari/537.36" "-"
192.168.65.1 - - [17/Nov/2024:23:28:56 +0000] "GET /api/openapi HTTP/1.1" 304 0 "-" "Mozilla/5.0 (Macintosh; Intel Mac OS X 10_15_7) AppleWebKit/537.36 (KHTML, like Gecko) Chrome/130.0.0.0 Safari/537.36" "-"
192.168.65.1 - - [17/Nov/2024:23:28:56 +0000] "GET /api/openapi HTTP/1.1" 304 0 "-" "Mozilla/5.0 (Macintosh; Intel Mac OS X 10_15_7) AppleWebKit/537.36 (KHTML, like Gecko) Chrome/130.0.0.0 Safari/537.36" "-"
192.168.65.1 - - [17/Nov/2024:23:28:56 +0000] "GET /api/openapi HTTP/1.1" 304 0 "-" "Mozilla/5.0 (Macintosh; Intel Mac OS X 10_15_7) AppleWebKit/537.36 (KHTML, like Gecko) Chrome/130.0.0.0 Safari/537.36" "-"
192.168.65.1 - - [17/Nov/2024:23:28:56 +0000] "GET /api/openapi HTTP/1.1" 304 0 "-" "Mozilla/5.0 (Macintosh; Intel Mac OS X 10_15_7) AppleWebKit/537.36 (KHTML, like Gecko) Chrome/130.0.0.0 Safari/537.36" "-"
192.168.65.1 - - [17/Nov/2024:23:28:56 +0000] "GET /api/openapi HTTP/1.1" 304 0 "-" "Mozilla/5.0 (Macintosh; Intel Mac OS X 10_15_7) AppleWebKit/537.36 (KHTML, like Gecko) Chrome/130.0.0.0 Safari/537.36" "-"
::1 - - [17/Nov/2024:23:28:56 +0000] "GET / HTTP/1.1" 200 615 "-" "Wget" "-"
192.168.65.1 - - [17/Nov/2024:23:28:57 +0000] "GET /api/openapi HTTP/1.1" 304 0 "-" "Mozilla/5.0 (Macintosh; Intel Mac OS X 10_15_7) AppleWebKit/537.36 (KHTML, like Gecko) Chrome/130.0.0.0 Safari/537.36" "-"
192.168.65.1 - - [17/Nov/2024:23:28:57 +0000] "GET /api/openapi HTTP/1.1" 304 0 "-" "Mozilla/5.0 (Macintosh; Intel Mac OS X 10_15_7) AppleWebKit/537.36 (KHTML, like Gecko) Chrome/130.0.0.0 Safari/537.36" "-"
192.168.65.1 - - [17/Nov/2024:23:28:57 +0000] "GET /api/openapi HTTP/1.1" 304 0 "-" "Mozilla/5.0 (Macintosh; Intel Mac OS X 10_15_7) AppleWebKit/537.36 (KHTML, like Gecko) Chrome/130.0.0.0 Safari/537.36" "-"
192.168.65.1 - - [17/Nov/2024:23:28:57 +0000] "GET /api/openapi HTTP/1.1" 304 0 "-" "Mozilla/5.0 (Macintosh; Intel Mac OS X 10_15_7) AppleWebKit/537.36 (KHTML, like Gecko) Chrome/130.0.0.0 Safari/537.36" "-"
192.168.65.1 - - [17/Nov/2024:23:28:57 +0000] "GET /api/openapi HTTP/1.1" 304 0 "-" "Mozilla/5.0 (Macintosh; Intel Mac OS X 10_15_7) AppleWebKit/537.36 (KHTML, like Gecko) Chrome/130.0.0.0 Safari/537.36" "-"
192.168.65.1 - - [17/Nov/2024:23:28:58 +0000] "GET /api/openapi HTTP/1.1" 304 0 "-" "Mozilla/5.0 (Macintosh; Intel Mac OS X 10_15_7) AppleWebKit/537.36 (KHTML, like Gecko) Chrome/130.0.0.0 Safari/537.36" "-"
192.168.65.1 - - [17/Nov/2024:23:28:58 +0000] "GET /api/openapi HTTP/1.1" 304 0 "-" "Mozilla/5.0 (Macintosh; Intel Mac OS X 10_15_7) AppleWebKit/537.36 (KHTML, like Gecko) Chrome/130.0.0.0 Safari/537.36" "-"
192.168.65.1 - - [17/Nov/2024:23:28:58 +0000] "GET /api/openapi HTTP/1.1" 304 0 "-" "Mozilla/5.0 (Macintosh; Intel Mac OS X 10_15_7) AppleWebKit/537.36 (KHTML, like Gecko) Chrome/130.0.0.0 Safari/537.36" "-"
192.168.65.1 - - [17/Nov/2024:23:28:58 +0000] "GET /api/openapi HTTP/1.1" 304 0 "-" "Mozilla/5.0 (Macintosh; Intel Mac OS X 10_15_7) AppleWebKit/537.36 (KHTML, like Gecko) Chrome/130.0.0.0 Safari/537.36" "-"
192.168.65.1 - - [17/Nov/2024:23:28:58 +0000] "GET /api/openapi HTTP/1.1" 304 0 "-" "Mozilla/5.0 (Macintosh; Intel Mac OS X 10_15_7) AppleWebKit/537.36 (KHTML, like Gecko) Chrome/130.0.0.0 Safari/537.36" "-"
192.168.65.1 - - [17/Nov/2024:23:28:59 +0000] "GET /api/openapi HTTP/1.1" 304 0 "-" "Mozilla/5.0 (Macintosh; Intel Mac OS X 10_15_7) AppleWebKit/537.36 (KHTML, like Gecko) Chrome/130.0.0.0 Safari/537.36" "-"
192.168.65.1 - - [17/Nov/2024:23:28:59 +0000] "GET /api/openapi HTTP/1.1" 304 0 "-" "Mozilla/5.0 (Macintosh; Intel Mac OS X 10_15_7) AppleWebKit/537.36 (KHTML, like Gecko) Chrome/130.0.0.0 Safari/537.36" "-"
192.168.65.1 - - [17/Nov/2024:23:28:59 +0000] "GET /api/openapi HTTP/1.1" 304 0 "-" "Mozilla/5.0 (Macintosh; Intel Mac OS X 10_15_7) AppleWebKit/537.36 (KHTML, like Gecko) Chrome/130.0.0.0 Safari/537.36" "-"
192.168.65.1 - - [17/Nov/2024:23:28:59 +0000] "GET /api/openapi HTTP/1.1" 304 0 "-" "Mozilla/5.0 (Macintosh; Intel Mac OS X 10_15_7) AppleWebKit/537.36 (KHTML, like Gecko) Chrome/130.0.0.0 Safari/537.36" "-"
192.168.65.1 - - [17/Nov/2024:23:28:59 +0000] "GET /api/openapi HTTP/1.1" 304 0 "-" "Mozilla/5.0 (Macintosh; Intel Mac OS X 10_15_7) AppleWebKit/537.36 (KHTML, like Gecko) Chrome/130.0.0.0 Safari/537.36" "-"
192.168.65.1 - - [17/Nov/2024:23:28:59 +0000] "GET /api/openapi HTTP/1.1" 304 0 "-" "Mozilla/5.0 (Macintosh; Intel Mac OS X 10_15_7) AppleWebKit/537.36 (KHTML, like Gecko) Chrome/130.0.0.0 Safari/537.36" "-"
::1 - - [17/Nov/2024:23:29:02 +0000] "GET / HTTP/1.1" 200 615 "-" "Wget" "-"
::1 - - [17/Nov/2024:23:29:07 +0000] "GET / HTTP/1.1" 200 615 "-" "Wget" "-"
::1 - - [17/Nov/2024:23:29:12 +0000] "GET / HTTP/1.1" 200 615 "-" "Wget" "-"
::1 - - [17/Nov/2024:23:29:17 +0000] "GET / HTTP/1.1" 200 615 "-" "Wget" "-"
::1 - - [17/Nov/2024:23:29:22 +0000] "GET / HTTP/1.1" 200 615 "-" "Wget" "-"
::1 - - [17/Nov/2024:23:29:27 +0000] "GET / HTTP/1.1" 200 615 "-" "Wget" "-"
::1 - - [17/Nov/2024:23:29:32 +0000] "GET / HTTP/1.1" 200 615 "-" "Wget" "-"
::1 - - [17/Nov/2024:23:29:37 +0000] "GET / HTTP/1.1" 200 615 "-" "Wget" "-"
::1 - - [17/Nov/2024:23:29:42 +0000] "GET / HTTP/1.1" 200 615 "-" "Wget" "-"
::1 - - [17/Nov/2024:23:29:47 +0000] "GET / HTTP/1.1" 200 615 "-" "Wget" "-"
::1 - - [17/Nov/2024:23:29:52 +0000] "GET / HTTP/1.1" 200 615 "-" "Wget" "-"
::1 - - [17/Nov/2024:23:29:57 +0000] "GET / HTTP/1.1" 200 615 "-" "Wget" "-"
::1 - - [17/Nov/2024:23:30:02 +0000] "GET / HTTP/1.1" 200 615 "-" "Wget" "-"
::1 - - [17/Nov/2024:23:30:07 +0000] "GET / HTTP/1.1" 200 615 "-" "Wget" "-"
::1 - - [17/Nov/2024:23:30:12 +0000] "GET / HTTP/1.1" 200 615 "-" "Wget" "-"
::1 - - [17/Nov/2024:23:30:18 +0000] "GET / HTTP/1.1" 200 615 "-" "Wget" "-"
::1 - - [17/Nov/2024:23:30:23 +0000] "GET / HTTP/1.1" 200 615 "-" "Wget" "-"
::1 - - [17/Nov/2024:23:30:28 +0000] "GET / HTTP/1.1" 200 615 "-" "Wget" "-"
::1 - - [17/Nov/2024:23:30:33 +0000] "GET / HTTP/1.1" 200 615 "-" "Wget" "-"
::1 - - [17/Nov/2024:23:30:38 +0000] "GET / HTTP/1.1" 200 615 "-" "Wget" "-"
::1 - - [17/Nov/2024:23:30:43 +0000] "GET / HTTP/1.1" 200 615 "-" "Wget" "-"
::1 - - [17/Nov/2024:23:30:48 +0000] "GET / HTTP/1.1" 200 615 "-" "Wget" "-"
::1 - - [17/Nov/2024:23:30:53 +0000] "GET / HTTP/1.1" 200 615 "-" "Wget" "-"
::1 - - [17/Nov/2024:23:30:58 +0000] "GET / HTTP/1.1" 200 615 "-" "Wget" "-"
::1 - - [17/Nov/2024:23:31:03 +0000] "GET / HTTP/1.1" 200 615 "-" "Wget" "-"
::1 - - [17/Nov/2024:23:31:08 +0000] "GET / HTTP/1.1" 200 615 "-" "Wget" "-"
::1 - - [17/Nov/2024:23:31:13 +0000] "GET / HTTP/1.1" 200 615 "-" "Wget" "-"
::1 - - [17/Nov/2024:23:31:18 +0000] "GET / HTTP/1.1" 200 615 "-" "Wget" "-"
::1 - - [17/Nov/2024:23:31:24 +0000] "GET / HTTP/1.1" 200 615 "-" "Wget" "-"
::1 - - [17/Nov/2024:23:31:29 +0000] "GET / HTTP/1.1" 200 615 "-" "Wget" "-"
::1 - - [17/Nov/2024:23:31:34 +0000] "GET / HTTP/1.1" 200 615 "-" "Wget" "-"
::1 - - [17/Nov/2024:23:31:39 +0000] "GET / HTTP/1.1" 200 615 "-" "Wget" "-"
::1 - - [17/Nov/2024:23:31:44 +0000] "GET / HTTP/1.1" 200 615 "-" "Wget" "-"
::1 - - [17/Nov/2024:23:31:49 +0000] "GET / HTTP/1.1" 200 615 "-" "Wget" "-"
::1 - - [17/Nov/2024:23:31:54 +0000] "GET / HTTP/1.1" 200 615 "-" "Wget" "-"
::1 - - [17/Nov/2024:23:32:00 +0000] "GET / HTTP/1.1" 200 615 "-" "Wget" "-"
::1 - - [17/Nov/2024:23:32:05 +0000] "GET / HTTP/1.1" 200 615 "-" "Wget" "-"
::1 - - [17/Nov/2024:23:32:11 +0000] "GET / HTTP/1.1" 200 615 "-" "Wget" "-"
::1 - - [17/Nov/2024:23:32:16 +0000] "GET / HTTP/1.1" 200 615 "-" "Wget" "-"
::1 - - [17/Nov/2024:23:32:21 +0000] "GET / HTTP/1.1" 200 615 "-" "Wget" "-"
::1 - - [17/Nov/2024:23:32:26 +0000] "GET / HTTP/1.1" 200 615 "-" "Wget" "-"
::1 - - [17/Nov/2024:23:32:31 +0000] "GET / HTTP/1.1" 200 615 "-" "Wget" "-"
::1 - - [17/Nov/2024:23:32:36 +0000] "GET / HTTP/1.1" 200 615 "-" "Wget" "-"
::1 - - [17/Nov/2024:23:32:41 +0000] "GET / HTTP/1.1" 200 615 "-" "Wget" "-"
::1 - - [17/Nov/2024:23:32:46 +0000] "GET / HTTP/1.1" 200 615 "-" "Wget" "-"
::1 - - [17/Nov/2024:23:32:51 +0000] "GET / HTTP/1.1" 200 615 "-" "Wget" "-"
::1 - - [17/Nov/2024:23:32:56 +0000] "GET / HTTP/1.1" 200 615 "-" "Wget" "-"
::1 - - [17/Nov/2024:23:33:01 +0000] "GET / HTTP/1.1" 200 615 "-" "Wget" "-"
::1 - - [17/Nov/2024:23:33:07 +0000] "GET / HTTP/1.1" 200 615 "-" "Wget" "-"
::1 - - [17/Nov/2024:23:33:12 +0000] "GET / HTTP/1.1" 200 615 "-" "Wget" "-"
::1 - - [17/Nov/2024:23:33:17 +0000] "GET / HTTP/1.1" 200 615 "-" "Wget" "-"
::1 - - [17/Nov/2024:23:33:22 +0000] "GET / HTTP/1.1" 200 615 "-" "Wget" "-"
::1 - - [17/Nov/2024:23:33:27 +0000] "GET / HTTP/1.1" 200 615 "-" "Wget" "-"
::1 - - [17/Nov/2024:23:33:32 +0000] "GET / HTTP/1.1" 200 615 "-" "Wget" "-"
::1 - - [17/Nov/2024:23:33:37 +0000] "GET / HTTP/1.1" 200 615 "-" "Wget" "-"
::1 - - [17/Nov/2024:23:33:42 +0000] "GET / HTTP/1.1" 200 615 "-" "Wget" "-"
::1 - - [17/Nov/2024:23:33:47 +0000] "GET / HTTP/1.1" 200 615 "-" "Wget" "-"
::1 - - [17/Nov/2024:23:33:52 +0000] "GET / HTTP/1.1" 200 615 "-" "Wget" "-"
::1 - - [17/Nov/2024:23:33:57 +0000] "GET / HTTP/1.1" 200 615 "-" "Wget" "-"
::1 - - [17/Nov/2024:23:34:02 +0000] "GET / HTTP/1.1" 200 615 "-" "Wget" "-"
::1 - - [17/Nov/2024:23:34:08 +0000] "GET / HTTP/1.1" 200 615 "-" "Wget" "-"
::1 - - [17/Nov/2024:23:34:13 +0000] "GET / HTTP/1.1" 200 615 "-" "Wget" "-"
::1 - - [17/Nov/2024:23:34:18 +0000] "GET / HTTP/1.1" 200 615 "-" "Wget" "-"
::1 - - [17/Nov/2024:23:34:23 +0000] "GET / HTTP/1.1" 200 615 "-" "Wget" "-"
::1 - - [17/Nov/2024:23:34:28 +0000] "GET / HTTP/1.1" 200 615 "-" "Wget" "-"
::1 - - [17/Nov/2024:23:34:33 +0000] "GET / HTTP/1.1" 200 615 "-" "Wget" "-"
::1 - - [17/Nov/2024:23:34:38 +0000] "GET / HTTP/1.1" 200 615 "-" "Wget" "-"
::1 - - [17/Nov/2024:23:34:43 +0000] "GET / HTTP/1.1" 200 615 "-" "Wget" "-"
::1 - - [17/Nov/2024:23:34:48 +0000] "GET / HTTP/1.1" 200 615 "-" "Wget" "-"
::1 - - [17/Nov/2024:23:34:53 +0000] "GET / HTTP/1.1" 200 615 "-" "Wget" "-"
::1 - - [17/Nov/2024:23:34:58 +0000] "GET / HTTP/1.1" 200 615 "-" "Wget" "-"
::1 - - [17/Nov/2024:23:35:03 +0000] "GET / HTTP/1.1" 200 615 "-" "Wget" "-"
::1 - - [17/Nov/2024:23:35:08 +0000] "GET / HTTP/1.1" 200 615 "-" "Wget" "-"
::1 - - [17/Nov/2024:23:35:13 +0000] "GET / HTTP/1.1" 200 615 "-" "Wget" "-"
::1 - - [17/Nov/2024:23:35:18 +0000] "GET / HTTP/1.1" 200 615 "-" "Wget" "-"
::1 - - [17/Nov/2024:23:35:23 +0000] "GET / HTTP/1.1" 200 615 "-" "Wget" "-"
::1 - - [17/Nov/2024:23:35:28 +0000] "GET / HTTP/1.1" 200 615 "-" "Wget" "-"
::1 - - [17/Nov/2024:23:35:34 +0000] "GET / HTTP/1.1" 200 615 "-" "Wget" "-"
::1 - - [17/Nov/2024:23:35:39 +0000] "GET / HTTP/1.1" 200 615 "-" "Wget" "-"
::1 - - [17/Nov/2024:23:35:44 +0000] "GET / HTTP/1.1" 200 615 "-" "Wget" "-"
::1 - - [17/Nov/2024:23:35:49 +0000] "GET / HTTP/1.1" 200 615 "-" "Wget" "-"
::1 - - [17/Nov/2024:23:35:54 +0000] "GET / HTTP/1.1" 200 615 "-" "Wget" "-"
::1 - - [17/Nov/2024:23:35:59 +0000] "GET / HTTP/1.1" 200 615 "-" "Wget" "-"
::1 - - [17/Nov/2024:23:36:04 +0000] "GET / HTTP/1.1" 200 615 "-" "Wget" "-"
::1 - - [17/Nov/2024:23:36:09 +0000] "GET / HTTP/1.1" 200 615 "-" "Wget" "-"
::1 - - [17/Nov/2024:23:36:14 +0000] "GET / HTTP/1.1" 200 615 "-" "Wget" "-"
::1 - - [17/Nov/2024:23:36:19 +0000] "GET / HTTP/1.1" 200 615 "-" "Wget" "-"
::1 - - [17/Nov/2024:23:36:24 +0000] "GET / HTTP/1.1" 200 615 "-" "Wget" "-"
::1 - - [17/Nov/2024:23:36:29 +0000] "GET / HTTP/1.1" 200 615 "-" "Wget" "-"
::1 - - [17/Nov/2024:23:36:34 +0000] "GET / HTTP/1.1" 200 615 "-" "Wget" "-"
::1 - - [17/Nov/2024:23:36:39 +0000] "GET / HTTP/1.1" 200 615 "-" "Wget" "-"
::1 - - [17/Nov/2024:23:36:45 +0000] "GET / HTTP/1.1" 200 615 "-" "Wget" "-"
::1 - - [17/Nov/2024:23:36:50 +0000] "GET / HTTP/1.1" 200 615 "-" "Wget" "-"
::1 - - [17/Nov/2024:23:36:55 +0000] "GET / HTTP/1.1" 200 615 "-" "Wget" "-"
::1 - - [17/Nov/2024:23:37:00 +0000] "GET / HTTP/1.1" 200 615 "-" "Wget" "-"
::1 - - [17/Nov/2024:23:37:05 +0000] "GET / HTTP/1.1" 200 615 "-" "Wget" "-"
::1 - - [17/Nov/2024:23:37:10 +0000] "GET / HTTP/1.1" 200 615 "-" "Wget" "-"
::1 - - [17/Nov/2024:23:37:15 +0000] "GET / HTTP/1.1" 200 615 "-" "Wget" "-"
::1 - - [17/Nov/2024:23:37:20 +0000] "GET / HTTP/1.1" 200 615 "-" "Wget" "-"
::1 - - [17/Nov/2024:23:37:25 +0000] "GET / HTTP/1.1" 200 615 "-" "Wget" "-"
::1 - - [17/Nov/2024:23:37:30 +0000] "GET / HTTP/1.1" 200 615 "-" "Wget" "-"
::1 - - [17/Nov/2024:23:37:35 +0000] "GET / HTTP/1.1" 200 615 "-" "Wget" "-"
::1 - - [17/Nov/2024:23:37:40 +0000] "GET / HTTP/1.1" 200 615 "-" "Wget" "-"
::1 - - [17/Nov/2024:23:37:45 +0000] "GET / HTTP/1.1" 200 615 "-" "Wget" "-"
::1 - - [17/Nov/2024:23:37:50 +0000] "GET / HTTP/1.1" 200 615 "-" "Wget" "-"
::1 - - [17/Nov/2024:23:37:56 +0000] "GET / HTTP/1.1" 200 615 "-" "Wget" "-"
::1 - - [17/Nov/2024:23:38:01 +0000] "GET / HTTP/1.1" 200 615 "-" "Wget" "-"
::1 - - [17/Nov/2024:23:38:06 +0000] "GET / HTTP/1.1" 200 615 "-" "Wget" "-"
::1 - - [17/Nov/2024:23:38:11 +0000] "GET / HTTP/1.1" 200 615 "-" "Wget" "-"
::1 - - [17/Nov/2024:23:38:16 +0000] "GET / HTTP/1.1" 200 615 "-" "Wget" "-"
::1 - - [17/Nov/2024:23:38:21 +0000] "GET / HTTP/1.1" 200 615 "-" "Wget" "-"
::1 - - [17/Nov/2024:23:38:26 +0000] "GET / HTTP/1.1" 200 615 "-" "Wget" "-"
::1 - - [17/Nov/2024:23:38:31 +0000] "GET / HTTP/1.1" 200 615 "-" "Wget" "-"
::1 - - [17/Nov/2024:23:38:36 +0000] "GET / HTTP/1.1" 200 615 "-" "Wget" "-"
::1 - - [17/Nov/2024:23:38:41 +0000] "GET / HTTP/1.1" 200 615 "-" "Wget" "-"
::1 - - [17/Nov/2024:23:38:46 +0000] "GET / HTTP/1.1" 200 615 "-" "Wget" "-"
::1 - - [17/Nov/2024:23:38:51 +0000] "GET / HTTP/1.1" 200 615 "-" "Wget" "-"
::1 - - [17/Nov/2024:23:38:56 +0000] "GET / HTTP/1.1" 200 615 "-" "Wget" "-"
::1 - - [17/Nov/2024:23:39:02 +0000] "GET / HTTP/1.1" 200 615 "-" "Wget" "-"
::1 - - [17/Nov/2024:23:39:07 +0000] "GET / HTTP/1.1" 200 615 "-" "Wget" "-"
::1 - - [17/Nov/2024:23:39:12 +0000] "GET / HTTP/1.1" 200 615 "-" "Wget" "-"
::1 - - [17/Nov/2024:23:39:17 +0000] "GET / HTTP/1.1" 200 615 "-" "Wget" "-"
::1 - - [17/Nov/2024:23:39:22 +0000] "GET / HTTP/1.1" 200 615 "-" "Wget" "-"
::1 - - [17/Nov/2024:23:39:27 +0000] "GET / HTTP/1.1" 200 615 "-" "Wget" "-"
::1 - - [17/Nov/2024:23:39:32 +0000] "GET / HTTP/1.1" 200 615 "-" "Wget" "-"
::1 - - [17/Nov/2024:23:39:37 +0000] "GET / HTTP/1.1" 200 615 "-" "Wget" "-"
::1 - - [17/Nov/2024:23:39:42 +0000] "GET / HTTP/1.1" 200 615 "-" "Wget" "-"
::1 - - [17/Nov/2024:23:39:47 +0000] "GET / HTTP/1.1" 200 615 "-" "Wget" "-"
::1 - - [17/Nov/2024:23:39:52 +0000] "GET / HTTP/1.1" 200 615 "-" "Wget" "-"
::1 - - [17/Nov/2024:23:39:57 +0000] "GET / HTTP/1.1" 200 615 "-" "Wget" "-"
::1 - - [17/Nov/2024:23:40:02 +0000] "GET / HTTP/1.1" 200 615 "-" "Wget" "-"
::1 - - [17/Nov/2024:23:40:07 +0000] "GET / HTTP/1.1" 200 615 "-" "Wget" "-"
::1 - - [17/Nov/2024:23:40:12 +0000] "GET / HTTP/1.1" 200 615 "-" "Wget" "-"
::1 - - [17/Nov/2024:23:40:18 +0000] "GET / HTTP/1.1" 200 615 "-" "Wget" "-"
::1 - - [17/Nov/2024:23:40:23 +0000] "GET / HTTP/1.1" 200 615 "-" "Wget" "-"
192.168.65.1 - - [17/Nov/2024:23:40:26 +0000] "GET /api/v1/ugc/openapi HTTP/1.1" 200 938 "-" "Mozilla/5.0 (Macintosh; Intel Mac OS X 10_15_7) AppleWebKit/537.36 (KHTML, like Gecko) Chrome/130.0.0.0 Safari/537.36" "-"
192.168.65.1 - - [17/Nov/2024:23:40:27 +0000] "GET /api/v1/ugc/openapi.json HTTP/1.1" 200 5034 "http://localhost/api/v1/ugc/openapi" "Mozilla/5.0 (Macintosh; Intel Mac OS X 10_15_7) AppleWebKit/537.36 (KHTML, like Gecko) Chrome/130.0.0.0 Safari/537.36" "-"
::1 - - [17/Nov/2024:23:40:28 +0000] "GET / HTTP/1.1" 200 615 "-" "Wget" "-"
::1 - - [17/Nov/2024:23:40:33 +0000] "GET / HTTP/1.1" 200 615 "-" "Wget" "-"
::1 - - [17/Nov/2024:23:40:38 +0000] "GET / HTTP/1.1" 200 615 "-" "Wget" "-"
::1 - - [17/Nov/2024:23:40:43 +0000] "GET / HTTP/1.1" 200 615 "-" "Wget" "-"
::1 - - [17/Nov/2024:23:40:48 +0000] "GET / HTTP/1.1" 200 615 "-" "Wget" "-"
::1 - - [17/Nov/2024:23:40:53 +0000] "GET / HTTP/1.1" 200 615 "-" "Wget" "-"
::1 - - [17/Nov/2024:23:40:58 +0000] "GET / HTTP/1.1" 200 615 "-" "Wget" "-"
::1 - - [17/Nov/2024:23:41:04 +0000] "GET / HTTP/1.1" 200 615 "-" "Wget" "-"
::1 - - [17/Nov/2024:23:41:09 +0000] "GET / HTTP/1.1" 200 615 "-" "Wget" "-"
::1 - - [17/Nov/2024:23:41:14 +0000] "GET / HTTP/1.1" 200 615 "-" "Wget" "-"
::1 - - [17/Nov/2024:23:41:19 +0000] "GET / HTTP/1.1" 200 615 "-" "Wget" "-"
::1 - - [17/Nov/2024:23:41:24 +0000] "GET / HTTP/1.1" 200 615 "-" "Wget" "-"
::1 - - [17/Nov/2024:23:41:29 +0000] "GET / HTTP/1.1" 200 615 "-" "Wget" "-"
::1 - - [17/Nov/2024:23:41:34 +0000] "GET / HTTP/1.1" 200 615 "-" "Wget" "-"
::1 - - [17/Nov/2024:23:41:39 +0000] "GET / HTTP/1.1" 200 615 "-" "Wget" "-"
::1 - - [17/Nov/2024:23:41:44 +0000] "GET / HTTP/1.1" 200 615 "-" "Wget" "-"
::1 - - [17/Nov/2024:23:41:49 +0000] "GET / HTTP/1.1" 200 615 "-" "Wget" "-"
::1 - - [17/Nov/2024:23:41:55 +0000] "GET / HTTP/1.1" 200 615 "-" "Wget" "-"
::1 - - [17/Nov/2024:23:42:00 +0000] "GET / HTTP/1.1" 200 615 "-" "Wget" "-"
::1 - - [17/Nov/2024:23:42:05 +0000] "GET / HTTP/1.1" 200 615 "-" "Wget" "-"
192.168.65.1 - - [17/Nov/2024:23:42:10 +0000] "POST /api/v1/users/bookmarks/asdfasfd HTTP/1.1" 405 559 "http://localhost/api/v1/ugc/openapi" "Mozilla/5.0 (Macintosh; Intel Mac OS X 10_15_7) AppleWebKit/537.36 (KHTML, like Gecko) Chrome/130.0.0.0 Safari/537.36" "-"
::1 - - [17/Nov/2024:23:42:10 +0000] "GET / HTTP/1.1" 200 615 "-" "Wget" "-"
::1 - - [17/Nov/2024:23:42:15 +0000] "GET / HTTP/1.1" 200 615 "-" "Wget" "-"
192.168.65.1 - - [17/Nov/2024:23:42:19 +0000] "POST /api/v1/films/3423423423/like HTTP/1.1" 405 559 "http://localhost/api/v1/ugc/openapi" "Mozilla/5.0 (Macintosh; Intel Mac OS X 10_15_7) AppleWebKit/537.36 (KHTML, like Gecko) Chrome/130.0.0.0 Safari/537.36" "-"
::1 - - [17/Nov/2024:23:42:20 +0000] "GET / HTTP/1.1" 200 615 "-" "Wget" "-"
::1 - - [17/Nov/2024:23:42:25 +0000] "GET / HTTP/1.1" 200 615 "-" "Wget" "-"
192.168.65.1 - - [17/Nov/2024:23:42:26 +0000] "POST /api/v1/films/f0666797-3366-49ff-9939-e6c80940c5dc/like HTTP/1.1" 405 559 "http://localhost/api/v1/ugc/openapi" "Mozilla/5.0 (Macintosh; Intel Mac OS X 10_15_7) AppleWebKit/537.36 (KHTML, like Gecko) Chrome/130.0.0.0 Safari/537.36" "-"
192.168.65.1 - - [17/Nov/2024:23:42:27 +0000] "POST /api/v1/films/f0666797-3366-49ff-9939-e6c80940c5dc/like HTTP/1.1" 405 559 "http://localhost/api/v1/ugc/openapi" "Mozilla/5.0 (Macintosh; Intel Mac OS X 10_15_7) AppleWebKit/537.36 (KHTML, like Gecko) Chrome/130.0.0.0 Safari/537.36" "-"
192.168.65.1 - - [17/Nov/2024:23:42:27 +0000] "POST /api/v1/films/f0666797-3366-49ff-9939-e6c80940c5dc/like HTTP/1.1" 405 559 "http://localhost/api/v1/ugc/openapi" "Mozilla/5.0 (Macintosh; Intel Mac OS X 10_15_7) AppleWebKit/537.36 (KHTML, like Gecko) Chrome/130.0.0.0 Safari/537.36" "-"
192.168.65.1 - - [17/Nov/2024:23:42:27 +0000] "POST /api/v1/films/f0666797-3366-49ff-9939-e6c80940c5dc/like HTTP/1.1" 405 559 "http://localhost/api/v1/ugc/openapi" "Mozilla/5.0 (Macintosh; Intel Mac OS X 10_15_7) AppleWebKit/537.36 (KHTML, like Gecko) Chrome/130.0.0.0 Safari/537.36" "-"
192.168.65.1 - - [17/Nov/2024:23:42:27 +0000] "POST /api/v1/films/f0666797-3366-49ff-9939-e6c80940c5dc/like HTTP/1.1" 405 559 "http://localhost/api/v1/ugc/openapi" "Mozilla/5.0 (Macintosh; Intel Mac OS X 10_15_7) AppleWebKit/537.36 (KHTML, like Gecko) Chrome/130.0.0.0 Safari/537.36" "-"
192.168.65.1 - - [17/Nov/2024:23:42:27 +0000] "POST /api/v1/films/f0666797-3366-49ff-9939-e6c80940c5dc/like HTTP/1.1" 405 559 "http://localhost/api/v1/ugc/openapi" "Mozilla/5.0 (Macintosh; Intel Mac OS X 10_15_7) AppleWebKit/537.36 (KHTML, like Gecko) Chrome/130.0.0.0 Safari/537.36" "-"
192.168.65.1 - - [17/Nov/2024:23:42:27 +0000] "POST /api/v1/films/f0666797-3366-49ff-9939-e6c80940c5dc/like HTTP/1.1" 405 559 "http://localhost/api/v1/ugc/openapi" "Mozilla/5.0 (Macintosh; Intel Mac OS X 10_15_7) AppleWebKit/537.36 (KHTML, like Gecko) Chrome/130.0.0.0 Safari/537.36" "-"
::1 - - [17/Nov/2024:23:42:30 +0000] "GET / HTTP/1.1" 200 615 "-" "Wget" "-"
::1 - - [17/Nov/2024:23:42:35 +0000] "GET / HTTP/1.1" 200 615 "-" "Wget" "-"
::1 - - [17/Nov/2024:23:42:40 +0000] "GET / HTTP/1.1" 200 615 "-" "Wget" "-"
::1 - - [17/Nov/2024:23:42:46 +0000] "GET / HTTP/1.1" 200 615 "-" "Wget" "-"
::1 - - [17/Nov/2024:23:42:51 +0000] "GET / HTTP/1.1" 200 615 "-" "Wget" "-"
::1 - - [17/Nov/2024:23:42:56 +0000] "GET / HTTP/1.1" 200 615 "-" "Wget" "-"
::1 - - [17/Nov/2024:23:43:01 +0000] "GET / HTTP/1.1" 200 615 "-" "Wget" "-"
::1 - - [17/Nov/2024:23:43:06 +0000] "GET / HTTP/1.1" 200 615 "-" "Wget" "-"
::1 - - [17/Nov/2024:23:43:11 +0000] "GET / HTTP/1.1" 200 615 "-" "Wget" "-"
::1 - - [17/Nov/2024:23:43:16 +0000] "GET / HTTP/1.1" 200 615 "-" "Wget" "-"
::1 - - [17/Nov/2024:23:43:21 +0000] "GET / HTTP/1.1" 200 615 "-" "Wget" "-"
::1 - - [17/Nov/2024:23:43:26 +0000] "GET / HTTP/1.1" 200 615 "-" "Wget" "-"
::1 - - [17/Nov/2024:23:43:31 +0000] "GET / HTTP/1.1" 200 615 "-" "Wget" "-"
::1 - - [17/Nov/2024:23:43:36 +0000] "GET / HTTP/1.1" 200 615 "-" "Wget" "-"
::1 - - [17/Nov/2024:23:43:41 +0000] "GET / HTTP/1.1" 200 615 "-" "Wget" "-"
::1 - - [17/Nov/2024:23:43:46 +0000] "GET / HTTP/1.1" 200 615 "-" "Wget" "-"
192.168.65.1 - - [17/Nov/2024:23:43:49 +0000] "POST /api/v1/films/f0666797-3366-49ff-9939-e6c80940c5dc/like HTTP/1.1" 405 559 "http://localhost/api/v1/ugc/openapi" "Mozilla/5.0 (Macintosh; Intel Mac OS X 10_15_7) AppleWebKit/537.36 (KHTML, like Gecko) Chrome/130.0.0.0 Safari/537.36" "-"
192.168.65.1 - - [17/Nov/2024:23:43:49 +0000] "POST /api/v1/films/f0666797-3366-49ff-9939-e6c80940c5dc/like HTTP/1.1" 405 559 "http://localhost/api/v1/ugc/openapi" "Mozilla/5.0 (Macintosh; Intel Mac OS X 10_15_7) AppleWebKit/537.36 (KHTML, like Gecko) Chrome/130.0.0.0 Safari/537.36" "-"
192.168.65.1 - - [17/Nov/2024:23:43:50 +0000] "POST /api/v1/films/f0666797-3366-49ff-9939-e6c80940c5dc/like HTTP/1.1" 405 559 "http://localhost/api/v1/ugc/openapi" "Mozilla/5.0 (Macintosh; Intel Mac OS X 10_15_7) AppleWebKit/537.36 (KHTML, like Gecko) Chrome/130.0.0.0 Safari/537.36" "-"
192.168.65.1 - - [17/Nov/2024:23:43:50 +0000] "POST /api/v1/films/f0666797-3366-49ff-9939-e6c80940c5dc/like HTTP/1.1" 405 559 "http://localhost/api/v1/ugc/openapi" "Mozilla/5.0 (Macintosh; Intel Mac OS X 10_15_7) AppleWebKit/537.36 (KHTML, like Gecko) Chrome/130.0.0.0 Safari/537.36" "-"
192.168.65.1 - - [17/Nov/2024:23:43:50 +0000] "POST /api/v1/films/f0666797-3366-49ff-9939-e6c80940c5dc/like HTTP/1.1" 405 559 "http://localhost/api/v1/ugc/openapi" "Mozilla/5.0 (Macintosh; Intel Mac OS X 10_15_7) AppleWebKit/537.36 (KHTML, like Gecko) Chrome/130.0.0.0 Safari/537.36" "-"
192.168.65.1 - - [17/Nov/2024:23:43:50 +0000] "POST /api/v1/films/f0666797-3366-49ff-9939-e6c80940c5dc/like HTTP/1.1" 405 559 "http://localhost/api/v1/ugc/openapi" "Mozilla/5.0 (Macintosh; Intel Mac OS X 10_15_7) AppleWebKit/537.36 (KHTML, like Gecko) Chrome/130.0.0.0 Safari/537.36" "-"
192.168.65.1 - - [17/Nov/2024:23:43:50 +0000] "POST /api/v1/films/f0666797-3366-49ff-9939-e6c80940c5dc/like HTTP/1.1" 405 559 "http://localhost/api/v1/ugc/openapi" "Mozilla/5.0 (Macintosh; Intel Mac OS X 10_15_7) AppleWebKit/537.36 (KHTML, like Gecko) Chrome/130.0.0.0 Safari/537.36" "-"
192.168.65.1 - - [17/Nov/2024:23:43:50 +0000] "POST /api/v1/films/f0666797-3366-49ff-9939-e6c80940c5dc/like HTTP/1.1" 405 559 "http://localhost/api/v1/ugc/openapi" "Mozilla/5.0 (Macintosh; Intel Mac OS X 10_15_7) AppleWebKit/537.36 (KHTML, like Gecko) Chrome/130.0.0.0 Safari/537.36" "-"
192.168.65.1 - - [17/Nov/2024:23:43:51 +0000] "POST /api/v1/films/f0666797-3366-49ff-9939-e6c80940c5dc/like HTTP/1.1" 405 559 "http://localhost/api/v1/ugc/openapi" "Mozilla/5.0 (Macintosh; Intel Mac OS X 10_15_7) AppleWebKit/537.36 (KHTML, like Gecko) Chrome/130.0.0.0 Safari/537.36" "-"
::1 - - [17/Nov/2024:23:43:52 +0000] "GET / HTTP/1.1" 200 615 "-" "Wget" "-"
::1 - - [17/Nov/2024:23:43:57 +0000] "GET / HTTP/1.1" 200 615 "-" "Wget" "-"
::1 - - [17/Nov/2024:23:44:02 +0000] "GET / HTTP/1.1" 200 615 "-" "Wget" "-"
::1 - - [17/Nov/2024:23:44:07 +0000] "GET / HTTP/1.1" 200 615 "-" "Wget" "-"
::1 - - [17/Nov/2024:23:44:12 +0000] "GET / HTTP/1.1" 200 615 "-" "Wget" "-"
::1 - - [17/Nov/2024:23:44:17 +0000] "GET / HTTP/1.1" 200 615 "-" "Wget" "-"
::1 - - [17/Nov/2024:23:44:22 +0000] "GET / HTTP/1.1" 200 615 "-" "Wget" "-"
::1 - - [17/Nov/2024:23:44:27 +0000] "GET / HTTP/1.1" 200 615 "-" "Wget" "-"
::1 - - [17/Nov/2024:23:44:32 +0000] "GET / HTTP/1.1" 200 615 "-" "Wget" "-"
::1 - - [17/Nov/2024:23:44:37 +0000] "GET / HTTP/1.1" 200 615 "-" "Wget" "-"
